Using pre-set license
Built from '2021.3/china_unity/release' branch; Version is '2021.3.5f1c1 (23e20ff61267) revision 2351631'; Using compiler version '192829333'; Build Type 'Release'
OS: 'Windows 11  (10.0.22631) 64bit Professional' Language: 'zh' Physical Memory: 32653 MB
BatchMode: 1, IsHumanControllingUs: 0, StartBugReporterOnCrash: 0, Is64bit: 1, IsPro: 1

COMMAND LINE ARGUMENTS:
C:\Users\sdb\Desktop\software\unityEditor\2021.3.5f1c1\Editor\Unity.exe
-adb2
-batchMode
-noUpm
-name
AssetImportWorker0
-projectPath
G:/gitP/weishenme
-logFile
Logs/AssetImportWorker0.log
-srvPort
51058
Successfully changed project path to: G:/gitP/weishenme
G:/gitP/weishenme
[UnityMemory] Configuration Parameters - Can be set up in boot.config
    "memorysetup-bucket-allocator-granularity=16"
    "memorysetup-bucket-allocator-bucket-count=8"
    "memorysetup-bucket-allocator-block-size=33554432"
    "memorysetup-bucket-allocator-block-count=8"
    "memorysetup-main-allocator-block-size=16777216"
    "memorysetup-thread-allocator-block-size=16777216"
    "memorysetup-gfx-main-allocator-block-size=16777216"
    "memorysetup-gfx-thread-allocator-block-size=16777216"
    "memorysetup-cache-allocator-block-size=4194304"
    "memorysetup-typetree-allocator-block-size=2097152"
    "memorysetup-profiler-bucket-allocator-granularity=16"
    "memorysetup-profiler-bucket-allocator-bucket-count=8"
    "memorysetup-profiler-bucket-allocator-block-size=33554432"
    "memorysetup-profiler-bucket-allocator-block-count=8"
    "memorysetup-profiler-allocator-block-size=16777216"
    "memorysetup-profiler-editor-allocator-block-size=1048576"
    "memorysetup-temp-allocator-size-main=16777216"
    "memorysetup-job-temp-allocator-block-size=2097152"
    "memorysetup-job-temp-allocator-block-size-background=1048576"
    "memorysetup-job-temp-allocator-reduction-small-platforms=262144"
    "memorysetup-temp-allocator-size-background-worker=32768"
    "memorysetup-temp-allocator-size-job-worker=262144"
    "memorysetup-temp-allocator-size-preload-manager=33554432"
    "memorysetup-temp-allocator-size-nav-mesh-worker=65536"
    "memorysetup-temp-allocator-size-audio-worker=65536"
    "memorysetup-temp-allocator-size-cloud-worker=32768"
    "memorysetup-temp-allocator-size-gi-baking-worker=262144"
    "memorysetup-temp-allocator-size-gfx=262144"
AS: AutoStreaming module initializing.
Refreshing native plugins compatible for Editor in 77.09 ms, found 3 plugins.
Preloading 0 native plugins for Editor in 0.00 ms.
Initialize engine version: 2021.3.5f1c1 (23e20ff61267)
[Subsystems] Discovering subsystems at path C:/Users/sdb/Desktop/software/unityEditor/2021.3.5f1c1/Editor/Data/Resources/UnitySubsystems
[Subsystems] Discovering subsystems at path G:/gitP/weishenme/Assets
GfxDevice: creating device client; threaded=0; jobified=0
Direct3D:
    Version:  Direct3D 11.0 [level 11.1]
    Renderer: NVIDIA GeForce RTX 3070 (ID=0x2488)
    Vendor:   NVIDIA
    VRAM:     8018 MB
    Driver:   32.0.15.6603
Initialize mono
Mono path[0] = 'C:/Users/sdb/Desktop/software/unityEditor/2021.3.5f1c1/Editor/Data/Managed'
Mono path[1] = 'C:/Users/sdb/Desktop/software/unityEditor/2021.3.5f1c1/Editor/Data/MonoBleedingEdge/lib/mono/unityjit-win32'
Mono config path = 'C:/Users/sdb/Desktop/software/unityEditor/2021.3.5f1c1/Editor/Data/MonoBleedingEdge/etc'
Using monoOptions --debugger-agent=transport=dt_socket,embedding=1,server=y,suspend=n,address=127.0.0.1:56060
Begin MonoManager ReloadAssembly
Registering precompiled unity dll's ...
Register platform support module: C:/Users/sdb/Desktop/software/unityEditor/2021.3.5f1c1/Editor/Data/PlaybackEngines/WebGLSupport/UnityEditor.WebGL.Extensions.dll
Register platform support module: C:/Users/sdb/Desktop/software/unityEditor/2021.3.5f1c1/Editor/Data/PlaybackEngines/WindowsStandaloneSupport/UnityEditor.WindowsStandalone.Extensions.dll
Registered in 0.034200 seconds.
Native extension for WindowsStandalone target not found
Native extension for WebGL target not found
Refreshing native plugins compatible for Editor in 67.32 ms, found 3 plugins.
Preloading 0 native plugins for Editor in 0.00 ms.
Mono: successfully reloaded assembly
- Completed reload, in  0.706 seconds
Domain Reload Profiling:
	ReloadAssembly (706ms)
		BeginReloadAssembly (127ms)
			ExecutionOrderSort (0ms)
			DisableScriptedObjects (0ms)
			BackupInstance (0ms)
			ReleaseScriptingObjects (0ms)
			CreateAndSetChildDomain (1ms)
		EndReloadAssembly (402ms)
			LoadAssemblies (114ms)
			RebuildTransferFunctionScriptingTraits (0ms)
			SetupTypeCache (80ms)
			ReleaseScriptCaches (0ms)
			RebuildScriptCaches (21ms)
			SetupLoadedEditorAssemblies (220ms)
				LogAssemblyErrors (0ms)
				InitializePlatformSupportModulesInManaged (16ms)
				SetLoadedEditorAssemblies (0ms)
				RefreshPlugins (67ms)
				BeforeProcessingInitializeOnLoad (1ms)
				ProcessInitializeOnLoadAttributes (97ms)
				ProcessInitializeOnLoadMethodAttributes (38ms)
				AfterProcessingInitializeOnLoad (0ms)
				EditorAssembliesLoaded (0ms)
			ExecutionOrderSort2 (0ms)
			AwakeInstancesAfterBackupRestoration (0ms)
Platform modules already initialized, skipping
Registering precompiled user dll's ...
Registered in 0.032671 seconds.
Begin MonoManager ReloadAssembly
Symbol file LoadedFromMemory doesn't match image G:\gitP\weishenme\Library\PackageCache\com.unity.visualscripting@1.7.8\Editor\VisualScripting.Core\Dependencies\YamlDotNet\Unity.VisualScripting.YamlDotNet.dll
Symbol file LoadedFromMemory doesn't match image G:\gitP\weishenme\Library\PackageCache\com.unity.visualscripting@1.7.8\Editor\VisualScripting.Core\Dependencies\DotNetZip\Unity.VisualScripting.IonicZip.dll
Native extension for WindowsStandalone target not found
Native extension for WebGL target not found
Refreshing native plugins compatible for Editor in 1.29 ms, found 3 plugins.
Preloading 0 native plugins for Editor in 0.00 ms.
Mono: successfully reloaded assembly
- Completed reload, in  2.044 seconds
Domain Reload Profiling:
	ReloadAssembly (2045ms)
		BeginReloadAssembly (158ms)
			ExecutionOrderSort (0ms)
			DisableScriptedObjects (5ms)
			BackupInstance (0ms)
			ReleaseScriptingObjects (0ms)
			CreateAndSetChildDomain (20ms)
		EndReloadAssembly (1731ms)
			LoadAssemblies (148ms)
			RebuildTransferFunctionScriptingTraits (0ms)
			SetupTypeCache (230ms)
			ReleaseScriptCaches (1ms)
			RebuildScriptCaches (48ms)
			SetupLoadedEditorAssemblies (1266ms)
				LogAssemblyErrors (0ms)
				InitializePlatformSupportModulesInManaged (21ms)
				SetLoadedEditorAssemblies (0ms)
				RefreshPlugins (1ms)
				BeforeProcessingInitializeOnLoad (125ms)
				ProcessInitializeOnLoadAttributes (944ms)
				ProcessInitializeOnLoadMethodAttributes (131ms)
				AfterProcessingInitializeOnLoad (43ms)
				EditorAssembliesLoaded (0ms)
			ExecutionOrderSort2 (0ms)
			AwakeInstancesAfterBackupRestoration (9ms)
Platform modules already initialized, skipping
========================================================================
Worker process is ready to serve import requests
Launched and connected shader compiler UnityShaderCompiler.exe after 0.05 seconds
Refreshing native plugins compatible for Editor in 0.79 ms, found 3 plugins.
Preloading 0 native plugins for Editor in 0.00 ms.
Unloading 3558 Unused Serialized files (Serialized files now loaded: 0)
Unloading 35 unused Assets / (57.4 KB). Loaded Objects now: 4060.
Memory consumption went from 124.2 MB to 124.1 MB.
Total: 19.478100 ms (FindLiveObjects: 0.292600 ms CreateObjectMapping: 0.162100 ms MarkObjects: 18.881400 ms  DeleteObjects: 0.140600 ms)

AssetImportParameters requested are different than current active one (requested -> active):
  custom:video-decoder-ogg-theora: a1e56fd34408186e4bbccfd4996cb3dc -> 
  custom:container-muxer-webm: aa71ff27fc2769a1b78a27578f13a17b -> 
  custom:container-demuxer-webm: 4f35f7cbe854078d1ac9338744f61a02 -> 
  custom:video-encoder-webm-vp8: eb34c28f22e8b96e1ab97ce403110664 -> 
  custom:audio-encoder-webm-vorbis: bf7c407c2cedff20999df2af8eb42d56 -> 
  custom:framework-win-MediaFoundation: 216162199b28c13a410421893ffa2e32 -> 
  custom:container-demuxer-ogg: 62fdf1f143b41e24485cea50d1cbac27 -> 
  custom:video-decoder-webm-vp8: 9c59270c3fd7afecdb556c50c9e8de78 -> 
  custom:audio-decoder-ogg-vorbis: bf7c407c2cedff20999df2af8eb42d56 -> 
========================================================================
Received Import Request.
  Time since last request: 1191.930238 seconds.
  path: Assets/Scripts/Model/NpcObj/NpcObj.cs
  artifactKey: Guid(53ad6498ceec1ac40b0030d553c94bfd) Importer(815301076,1909f56bfc062723c751e8b465ee728b)
Start importing Assets/Scripts/Model/NpcObj/NpcObj.cs using Guid(53ad6498ceec1ac40b0030d553c94bfd) Importer(815301076,1909f56bfc062723c751e8b465ee728b)  -> (artifact id: '865693ff38842d016de72b3742e2f360') in 0.069190 seconds 
========================================================================
Received Import Request.
  Time since last request: 4.656889 seconds.
  path: Assets/Scripts/Model/NpcObj/NpcObj.cs
  artifactKey: Guid(53ad6498ceec1ac40b0030d553c94bfd) Importer(815301076,1909f56bfc062723c751e8b465ee728b)
Start importing Assets/Scripts/Model/NpcObj/NpcObj.cs using Guid(53ad6498ceec1ac40b0030d553c94bfd) Importer(815301076,1909f56bfc062723c751e8b465ee728b)  -> (artifact id: '372821515d40299bdc6c5350fc9da18e') in 0.002446 seconds 
========================================================================
Received Import Request.
  Time since last request: 4.982679 seconds.
  path: Assets/Scripts/Model/NpcObj/NpcObj.cs
  artifactKey: Guid(53ad6498ceec1ac40b0030d553c94bfd) Importer(815301076,1909f56bfc062723c751e8b465ee728b)
Start importing Assets/Scripts/Model/NpcObj/NpcObj.cs using Guid(53ad6498ceec1ac40b0030d553c94bfd) Importer(815301076,1909f56bfc062723c751e8b465ee728b)  -> (artifact id: '60d6619ac7325fcd5d9ff2cafbe48d0e') in 0.002502 seconds 
========================================================================
Received Import Request.
  Time since last request: 1.135064 seconds.
  path: Assets/Scripts/Model/NpcObj/NpcObj.cs
  artifactKey: Guid(53ad6498ceec1ac40b0030d553c94bfd) Importer(815301076,1909f56bfc062723c751e8b465ee728b)
Start importing Assets/Scripts/Model/NpcObj/NpcObj.cs using Guid(53ad6498ceec1ac40b0030d553c94bfd) Importer(815301076,1909f56bfc062723c751e8b465ee728b)  -> (artifact id: '3a779fe0c9069c36ae8570af1011de13') in 0.002909 seconds 
========================================================================
Received Import Request.
  Time since last request: 5.403809 seconds.
  path: Assets/Scripts/Model/NpcObj/NpcObj.cs
  artifactKey: Guid(53ad6498ceec1ac40b0030d553c94bfd) Importer(815301076,1909f56bfc062723c751e8b465ee728b)
Start importing Assets/Scripts/Model/NpcObj/NpcObj.cs using Guid(53ad6498ceec1ac40b0030d553c94bfd) Importer(815301076,1909f56bfc062723c751e8b465ee728b)  -> (artifact id: '0ec85940efb1c934ea222f0c9b9610b8') in 0.002441 seconds 
========================================================================
Received Import Request.
  Time since last request: 3.816648 seconds.
  path: Assets/Scripts/Model/NpcObj/NpcObj.cs
  artifactKey: Guid(53ad6498ceec1ac40b0030d553c94bfd) Importer(815301076,1909f56bfc062723c751e8b465ee728b)
Start importing Assets/Scripts/Model/NpcObj/NpcObj.cs using Guid(53ad6498ceec1ac40b0030d553c94bfd) Importer(815301076,1909f56bfc062723c751e8b465ee728b)  -> (artifact id: 'aadaf4f6dff50aebc0e79da73255d45e') in 0.002696 seconds 
========================================================================
Received Import Request.
  Time since last request: 0.891924 seconds.
  path: Assets/Scripts/Model/NpcObj/NpcObj.cs
  artifactKey: Guid(53ad6498ceec1ac40b0030d553c94bfd) Importer(815301076,1909f56bfc062723c751e8b465ee728b)
Start importing Assets/Scripts/Model/NpcObj/NpcObj.cs using Guid(53ad6498ceec1ac40b0030d553c94bfd) Importer(815301076,1909f56bfc062723c751e8b465ee728b)  -> (artifact id: 'bb143a05740dddc8820d8178c8f3e353') in 0.002801 seconds 
========================================================================
Received Import Request.
  Time since last request: 203.847477 seconds.
  path: Assets/Scripts/Model/NpcObj/NpcObj.cs
  artifactKey: Guid(53ad6498ceec1ac40b0030d553c94bfd) Importer(815301076,1909f56bfc062723c751e8b465ee728b)
Start importing Assets/Scripts/Model/NpcObj/NpcObj.cs using Guid(53ad6498ceec1ac40b0030d553c94bfd) Importer(815301076,1909f56bfc062723c751e8b465ee728b)  -> (artifact id: '4c5138294eac52aa04bc346fb13abaaa') in 0.003434 seconds 
========================================================================
Received Import Request.
  Time since last request: 5.355566 seconds.
  path: Assets/Scripts/Model/NpcObj/NpcObj.cs
  artifactKey: Guid(53ad6498ceec1ac40b0030d553c94bfd) Importer(815301076,1909f56bfc062723c751e8b465ee728b)
Start importing Assets/Scripts/Model/NpcObj/NpcObj.cs using Guid(53ad6498ceec1ac40b0030d553c94bfd) Importer(815301076,1909f56bfc062723c751e8b465ee728b)  -> (artifact id: '6b92cb9704bd3d3aaa3c5fec37c5f463') in 0.004734 seconds 
========================================================================
Received Import Request.
  Time since last request: 1.622694 seconds.
  path: Assets/Scripts/Model/NpcObj/NpcObj.cs
  artifactKey: Guid(53ad6498ceec1ac40b0030d553c94bfd) Importer(815301076,1909f56bfc062723c751e8b465ee728b)
Start importing Assets/Scripts/Model/NpcObj/NpcObj.cs using Guid(53ad6498ceec1ac40b0030d553c94bfd) Importer(815301076,1909f56bfc062723c751e8b465ee728b)  -> (artifact id: '86ca68b3fad42c695081e60facf18ea5') in 0.002638 seconds 
========================================================================
Received Import Request.
  Time since last request: 2.403185 seconds.
  path: Assets/Scripts/Model/NpcObj/NpcObj.cs
  artifactKey: Guid(53ad6498ceec1ac40b0030d553c94bfd) Importer(815301076,1909f56bfc062723c751e8b465ee728b)
Start importing Assets/Scripts/Model/NpcObj/NpcObj.cs using Guid(53ad6498ceec1ac40b0030d553c94bfd) Importer(815301076,1909f56bfc062723c751e8b465ee728b)  -> (artifact id: 'a50e2684cd8c4490c31d6be12ec5a3fc') in 0.002919 seconds 
========================================================================
Received Import Request.
  Time since last request: 3.888583 seconds.
  path: Assets/Scripts/Model/NpcObj/NpcObj.cs
  artifactKey: Guid(53ad6498ceec1ac40b0030d553c94bfd) Importer(815301076,1909f56bfc062723c751e8b465ee728b)
Start importing Assets/Scripts/Model/NpcObj/NpcObj.cs using Guid(53ad6498ceec1ac40b0030d553c94bfd) Importer(815301076,1909f56bfc062723c751e8b465ee728b)  -> (artifact id: '8b06b58d13b14dd1afd5c7e17a420607') in 0.002918 seconds 
========================================================================
Received Import Request.
  Time since last request: 7.866173 seconds.
  path: Assets/Scripts/Model/NpcObj/NpcObj.cs
  artifactKey: Guid(53ad6498ceec1ac40b0030d553c94bfd) Importer(815301076,1909f56bfc062723c751e8b465ee728b)
Start importing Assets/Scripts/Model/NpcObj/NpcObj.cs using Guid(53ad6498ceec1ac40b0030d553c94bfd) Importer(815301076,1909f56bfc062723c751e8b465ee728b)  -> (artifact id: 'c7c29f00c06c919af40cbca93aade6c4') in 0.003266 seconds 
========================================================================
Received Import Request.
  Time since last request: 3.711876 seconds.
  path: Assets/Scripts/Model/NpcObj/NpcObj.cs
  artifactKey: Guid(53ad6498ceec1ac40b0030d553c94bfd) Importer(815301076,1909f56bfc062723c751e8b465ee728b)
Start importing Assets/Scripts/Model/NpcObj/NpcObj.cs using Guid(53ad6498ceec1ac40b0030d553c94bfd) Importer(815301076,1909f56bfc062723c751e8b465ee728b)  -> (artifact id: 'f18334a9e2f50008e65bfd44132e68e3') in 0.003036 seconds 
========================================================================
Received Import Request.
  Time since last request: 9.542127 seconds.
  path: Assets/Scripts/Model/NpcObj/NpcObj.cs
  artifactKey: Guid(53ad6498ceec1ac40b0030d553c94bfd) Importer(815301076,1909f56bfc062723c751e8b465ee728b)
Start importing Assets/Scripts/Model/NpcObj/NpcObj.cs using Guid(53ad6498ceec1ac40b0030d553c94bfd) Importer(815301076,1909f56bfc062723c751e8b465ee728b)  -> (artifact id: '34d01a62d3a5298b190acfe1376506e6') in 0.002888 seconds 
========================================================================
Received Import Request.
  Time since last request: 4.291455 seconds.
  path: Assets/Scripts/Model/NpcObj/NpcObj.cs
  artifactKey: Guid(53ad6498ceec1ac40b0030d553c94bfd) Importer(815301076,1909f56bfc062723c751e8b465ee728b)
Start importing Assets/Scripts/Model/NpcObj/NpcObj.cs using Guid(53ad6498ceec1ac40b0030d553c94bfd) Importer(815301076,1909f56bfc062723c751e8b465ee728b)  -> (artifact id: '3afd2e90779ad5a7731f16eb4384c033') in 0.002483 seconds 
========================================================================
Received Import Request.
  Time since last request: 3.285320 seconds.
  path: Assets/Scripts/Model/NpcObj/NpcObj.cs
  artifactKey: Guid(53ad6498ceec1ac40b0030d553c94bfd) Importer(815301076,1909f56bfc062723c751e8b465ee728b)
Start importing Assets/Scripts/Model/NpcObj/NpcObj.cs using Guid(53ad6498ceec1ac40b0030d553c94bfd) Importer(815301076,1909f56bfc062723c751e8b465ee728b)  -> (artifact id: 'c9c715e3799c87672cc89f199b0f3bf6') in 0.003099 seconds 
========================================================================
Received Import Request.
  Time since last request: 14.349475 seconds.
  path: Assets/Scripts/Model/NpcObj/NpcObj.cs
  artifactKey: Guid(53ad6498ceec1ac40b0030d553c94bfd) Importer(815301076,1909f56bfc062723c751e8b465ee728b)
Start importing Assets/Scripts/Model/NpcObj/NpcObj.cs using Guid(53ad6498ceec1ac40b0030d553c94bfd) Importer(815301076,1909f56bfc062723c751e8b465ee728b)  -> (artifact id: 'dc4b3d9f6d7af1e1e622d22dd62955d5') in 0.002965 seconds 
========================================================================
Received Import Request.
  Time since last request: 4.918879 seconds.
  path: Assets/Scripts/Model/NpcObj/NpcObj.cs
  artifactKey: Guid(53ad6498ceec1ac40b0030d553c94bfd) Importer(815301076,1909f56bfc062723c751e8b465ee728b)
Start importing Assets/Scripts/Model/NpcObj/NpcObj.cs using Guid(53ad6498ceec1ac40b0030d553c94bfd) Importer(815301076,1909f56bfc062723c751e8b465ee728b)  -> (artifact id: 'df5d8efc9ead108a888ce5c0392dfd21') in 0.002869 seconds 
========================================================================
Received Import Request.
  Time since last request: 143.350435 seconds.
  path: Assets/Scripts/Model/NpcObj/NpcObj.cs
  artifactKey: Guid(53ad6498ceec1ac40b0030d553c94bfd) Importer(815301076,1909f56bfc062723c751e8b465ee728b)
Start importing Assets/Scripts/Model/NpcObj/NpcObj.cs using Guid(53ad6498ceec1ac40b0030d553c94bfd) Importer(815301076,1909f56bfc062723c751e8b465ee728b)  -> (artifact id: 'a5b5bbc79b2bfec44ea501293a5f1151') in 0.002701 seconds 
========================================================================
Received Import Request.
  Time since last request: 1.237335 seconds.
  path: Assets/Scripts/Model/NpcObj/NpcObj.cs
  artifactKey: Guid(53ad6498ceec1ac40b0030d553c94bfd) Importer(815301076,1909f56bfc062723c751e8b465ee728b)
Start importing Assets/Scripts/Model/NpcObj/NpcObj.cs using Guid(53ad6498ceec1ac40b0030d553c94bfd) Importer(815301076,1909f56bfc062723c751e8b465ee728b)  -> (artifact id: 'f816301f3b92d136502360607d37e6c8') in 0.002916 seconds 
========================================================================
Received Import Request.
  Time since last request: 2.341242 seconds.
  path: Assets/Scripts/Model/NpcObj/NpcObj.cs
  artifactKey: Guid(53ad6498ceec1ac40b0030d553c94bfd) Importer(815301076,1909f56bfc062723c751e8b465ee728b)
Start importing Assets/Scripts/Model/NpcObj/NpcObj.cs using Guid(53ad6498ceec1ac40b0030d553c94bfd) Importer(815301076,1909f56bfc062723c751e8b465ee728b)  -> (artifact id: 'f609be4f697ef769e14c0e264e1f3356') in 0.003949 seconds 
========================================================================
Received Import Request.
  Time since last request: 13.460668 seconds.
  path: Assets/Scripts/Model/NpcObj/NpcObj.cs
  artifactKey: Guid(53ad6498ceec1ac40b0030d553c94bfd) Importer(815301076,1909f56bfc062723c751e8b465ee728b)
Start importing Assets/Scripts/Model/NpcObj/NpcObj.cs using Guid(53ad6498ceec1ac40b0030d553c94bfd) Importer(815301076,1909f56bfc062723c751e8b465ee728b)  -> (artifact id: 'fc1e418cc70b1a6c12d882dea1a04319') in 0.002871 seconds 
========================================================================
Received Import Request.
  Time since last request: 9.742485 seconds.
  path: Assets/Scripts/Model/NpcObj/NpcObj.cs
  artifactKey: Guid(53ad6498ceec1ac40b0030d553c94bfd) Importer(815301076,1909f56bfc062723c751e8b465ee728b)
Start importing Assets/Scripts/Model/NpcObj/NpcObj.cs using Guid(53ad6498ceec1ac40b0030d553c94bfd) Importer(815301076,1909f56bfc062723c751e8b465ee728b)  -> (artifact id: '1d1be78e4309d1cb327ac58a42f9dbbb') in 0.002968 seconds 
========================================================================
Received Import Request.
  Time since last request: 7.486649 seconds.
  path: Assets/Scripts/Model/NpcObj/NpcObj.cs
  artifactKey: Guid(53ad6498ceec1ac40b0030d553c94bfd) Importer(815301076,1909f56bfc062723c751e8b465ee728b)
Start importing Assets/Scripts/Model/NpcObj/NpcObj.cs using Guid(53ad6498ceec1ac40b0030d553c94bfd) Importer(815301076,1909f56bfc062723c751e8b465ee728b)  -> (artifact id: 'd3d3c12a310387ea233d40e3839cd9a6') in 0.003485 seconds 
========================================================================
Received Import Request.
  Time since last request: 2.232170 seconds.
  path: Assets/Scripts/Model/NpcObj/NpcObj.cs
  artifactKey: Guid(53ad6498ceec1ac40b0030d553c94bfd) Importer(815301076,1909f56bfc062723c751e8b465ee728b)
Start importing Assets/Scripts/Model/NpcObj/NpcObj.cs using Guid(53ad6498ceec1ac40b0030d553c94bfd) Importer(815301076,1909f56bfc062723c751e8b465ee728b)  -> (artifact id: '10938c1043bbe2056909c9e1f104de07') in 0.002965 seconds 
========================================================================
Received Import Request.
  Time since last request: 12.289058 seconds.
  path: Assets/Scripts/Model/NpcObj/NpcObj.cs
  artifactKey: Guid(53ad6498ceec1ac40b0030d553c94bfd) Importer(815301076,1909f56bfc062723c751e8b465ee728b)
Start importing Assets/Scripts/Model/NpcObj/NpcObj.cs using Guid(53ad6498ceec1ac40b0030d553c94bfd) Importer(815301076,1909f56bfc062723c751e8b465ee728b)  -> (artifact id: '0ad561206c97ad23d1a4ada23c86599b') in 0.002934 seconds 
========================================================================
Received Import Request.
  Time since last request: 1.140907 seconds.
  path: Assets/Scripts/Model/NpcObj/NpcObj.cs
  artifactKey: Guid(53ad6498ceec1ac40b0030d553c94bfd) Importer(815301076,1909f56bfc062723c751e8b465ee728b)
Start importing Assets/Scripts/Model/NpcObj/NpcObj.cs using Guid(53ad6498ceec1ac40b0030d553c94bfd) Importer(815301076,1909f56bfc062723c751e8b465ee728b)  -> (artifact id: 'd11222cd1abcf92a1b224a08bdac5ccd') in 0.002514 seconds 
========================================================================
Received Import Request.
  Time since last request: 129.330741 seconds.
  path: Assets/Scripts/Model/NpcObj/NpcObj.cs
  artifactKey: Guid(53ad6498ceec1ac40b0030d553c94bfd) Importer(815301076,1909f56bfc062723c751e8b465ee728b)
Start importing Assets/Scripts/Model/NpcObj/NpcObj.cs using Guid(53ad6498ceec1ac40b0030d553c94bfd) Importer(815301076,1909f56bfc062723c751e8b465ee728b)  -> (artifact id: '05987a178884c96446e978d4a43d83fa') in 0.002668 seconds 
========================================================================
Received Import Request.
  Time since last request: 3.941027 seconds.
  path: Assets/Scripts/Model/NpcObj/NpcObj.cs
  artifactKey: Guid(53ad6498ceec1ac40b0030d553c94bfd) Importer(815301076,1909f56bfc062723c751e8b465ee728b)
Start importing Assets/Scripts/Model/NpcObj/NpcObj.cs using Guid(53ad6498ceec1ac40b0030d553c94bfd) Importer(815301076,1909f56bfc062723c751e8b465ee728b)  -> (artifact id: '0e373dd3034fbe178545bc11168a1539') in 0.002722 seconds 
========================================================================
Received Import Request.
  Time since last request: 1.725642 seconds.
  path: Assets/Scripts/Model/NpcObj/NpcObj.cs
  artifactKey: Guid(53ad6498ceec1ac40b0030d553c94bfd) Importer(815301076,1909f56bfc062723c751e8b465ee728b)
Start importing Assets/Scripts/Model/NpcObj/NpcObj.cs using Guid(53ad6498ceec1ac40b0030d553c94bfd) Importer(815301076,1909f56bfc062723c751e8b465ee728b)  -> (artifact id: '77579b839a2f7ecb12f48fae724be1f3') in 0.003069 seconds 
========================================================================
Received Import Request.
  Time since last request: 3.194655 seconds.
  path: Assets/Scripts/Model/NpcObj/NpcObj.cs
  artifactKey: Guid(53ad6498ceec1ac40b0030d553c94bfd) Importer(815301076,1909f56bfc062723c751e8b465ee728b)
Start importing Assets/Scripts/Model/NpcObj/NpcObj.cs using Guid(53ad6498ceec1ac40b0030d553c94bfd) Importer(815301076,1909f56bfc062723c751e8b465ee728b)  -> (artifact id: '467a6862cbbd23f1316d8be5ba92ad3a') in 0.002811 seconds 
========================================================================
Received Import Request.
  Time since last request: 3.811019 seconds.
  path: Assets/Scripts/Model/NpcObj/NpcObj.cs
  artifactKey: Guid(53ad6498ceec1ac40b0030d553c94bfd) Importer(815301076,1909f56bfc062723c751e8b465ee728b)
Start importing Assets/Scripts/Model/NpcObj/NpcObj.cs using Guid(53ad6498ceec1ac40b0030d553c94bfd) Importer(815301076,1909f56bfc062723c751e8b465ee728b)  -> (artifact id: 'ba32e697b38c3f4b3db5b2d4c2678706') in 0.002610 seconds 
========================================================================
Received Import Request.
  Time since last request: 2.121358 seconds.
  path: Assets/Scripts/Model/NpcObj/NpcObj.cs
  artifactKey: Guid(53ad6498ceec1ac40b0030d553c94bfd) Importer(815301076,1909f56bfc062723c751e8b465ee728b)
Start importing Assets/Scripts/Model/NpcObj/NpcObj.cs using Guid(53ad6498ceec1ac40b0030d553c94bfd) Importer(815301076,1909f56bfc062723c751e8b465ee728b)  -> (artifact id: 'e58b2009e81afd257bc6c2359956bca4') in 0.003322 seconds 
========================================================================
Received Import Request.
  Time since last request: 14.535747 seconds.
  path: Assets/Scripts/Model/NpcObj/NpcObj.cs
  artifactKey: Guid(53ad6498ceec1ac40b0030d553c94bfd) Importer(815301076,1909f56bfc062723c751e8b465ee728b)
Start importing Assets/Scripts/Model/NpcObj/NpcObj.cs using Guid(53ad6498ceec1ac40b0030d553c94bfd) Importer(815301076,1909f56bfc062723c751e8b465ee728b)  -> (artifact id: '4528d02eaf82cc75ed5a83b8531f6006') in 0.003162 seconds 
========================================================================
Received Import Request.
  Time since last request: 8.196553 seconds.
  path: Assets/Scripts/Model/NpcObj/NpcObj.cs
  artifactKey: Guid(53ad6498ceec1ac40b0030d553c94bfd) Importer(815301076,1909f56bfc062723c751e8b465ee728b)
Start importing Assets/Scripts/Model/NpcObj/NpcObj.cs using Guid(53ad6498ceec1ac40b0030d553c94bfd) Importer(815301076,1909f56bfc062723c751e8b465ee728b)  -> (artifact id: 'a2c04945b8bd23d92b7460a7c675ccb9') in 0.002851 seconds 
========================================================================
Received Import Request.
  Time since last request: 4.625107 seconds.
  path: Assets/Scripts/Model/NpcObj/NpcObj.cs
  artifactKey: Guid(53ad6498ceec1ac40b0030d553c94bfd) Importer(815301076,1909f56bfc062723c751e8b465ee728b)
Start importing Assets/Scripts/Model/NpcObj/NpcObj.cs using Guid(53ad6498ceec1ac40b0030d553c94bfd) Importer(815301076,1909f56bfc062723c751e8b465ee728b)  -> (artifact id: '36915ee20e553cb077d4da3e0b2e84ec') in 0.002577 seconds 
========================================================================
Received Import Request.
  Time since last request: 5.637721 seconds.
  path: Assets/Scripts/Model/NpcObj/NpcObj.cs
  artifactKey: Guid(53ad6498ceec1ac40b0030d553c94bfd) Importer(815301076,1909f56bfc062723c751e8b465ee728b)
Start importing Assets/Scripts/Model/NpcObj/NpcObj.cs using Guid(53ad6498ceec1ac40b0030d553c94bfd) Importer(815301076,1909f56bfc062723c751e8b465ee728b)  -> (artifact id: 'bf96eb7629756b367b4bf2a9e9b89af6') in 0.003148 seconds 
========================================================================
Received Import Request.
  Time since last request: 0.911070 seconds.
  path: Assets/Scripts/Model/NpcObj/NpcObj.cs
  artifactKey: Guid(53ad6498ceec1ac40b0030d553c94bfd) Importer(815301076,1909f56bfc062723c751e8b465ee728b)
Start importing Assets/Scripts/Model/NpcObj/NpcObj.cs using Guid(53ad6498ceec1ac40b0030d553c94bfd) Importer(815301076,1909f56bfc062723c751e8b465ee728b)  -> (artifact id: 'cde53b1210198d0dbd5a1cb688ae93b7') in 0.003180 seconds 
========================================================================
Received Import Request.
  Time since last request: 5.707852 seconds.
  path: Assets/Scripts/Model/NpcObj/NpcObj.cs
  artifactKey: Guid(53ad6498ceec1ac40b0030d553c94bfd) Importer(815301076,1909f56bfc062723c751e8b465ee728b)
Start importing Assets/Scripts/Model/NpcObj/NpcObj.cs using Guid(53ad6498ceec1ac40b0030d553c94bfd) Importer(815301076,1909f56bfc062723c751e8b465ee728b)  -> (artifact id: 'e594797ad6045db29015604236d2dd58') in 0.003769 seconds 
========================================================================
Received Import Request.
  Time since last request: 5.891913 seconds.
  path: Assets/Scripts/Model/NpcObj/NpcObj.cs
  artifactKey: Guid(53ad6498ceec1ac40b0030d553c94bfd) Importer(815301076,1909f56bfc062723c751e8b465ee728b)
Start importing Assets/Scripts/Model/NpcObj/NpcObj.cs using Guid(53ad6498ceec1ac40b0030d553c94bfd) Importer(815301076,1909f56bfc062723c751e8b465ee728b)  -> (artifact id: 'eceb2060269ef427faedd78924bc4a75') in 0.002498 seconds 
========================================================================
Received Import Request.
  Time since last request: 4.710940 seconds.
  path: Assets/Scripts/Model/NpcObj/NpcObj.cs
  artifactKey: Guid(53ad6498ceec1ac40b0030d553c94bfd) Importer(815301076,1909f56bfc062723c751e8b465ee728b)
Start importing Assets/Scripts/Model/NpcObj/NpcObj.cs using Guid(53ad6498ceec1ac40b0030d553c94bfd) Importer(815301076,1909f56bfc062723c751e8b465ee728b)  -> (artifact id: '97b583c2f08b0ecd8507e2ca2307960b') in 0.003030 seconds 
========================================================================
Received Import Request.
  Time since last request: 353.772854 seconds.
  path: Assets/Scripts/Model/NpcObj/NpcObj.cs
  artifactKey: Guid(53ad6498ceec1ac40b0030d553c94bfd) Importer(815301076,1909f56bfc062723c751e8b465ee728b)
Start importing Assets/Scripts/Model/NpcObj/NpcObj.cs using Guid(53ad6498ceec1ac40b0030d553c94bfd) Importer(815301076,1909f56bfc062723c751e8b465ee728b)  -> (artifact id: 'b9f4d3031f285d7328b3f3892c72f5d7') in 0.003385 seconds 
========================================================================
Received Import Request.
  Time since last request: 8.400887 seconds.
  path: Assets/Scripts/Model/NpcObj/NpcObj.cs
  artifactKey: Guid(53ad6498ceec1ac40b0030d553c94bfd) Importer(815301076,1909f56bfc062723c751e8b465ee728b)
Start importing Assets/Scripts/Model/NpcObj/NpcObj.cs using Guid(53ad6498ceec1ac40b0030d553c94bfd) Importer(815301076,1909f56bfc062723c751e8b465ee728b)  -> (artifact id: '4212d6fb8a2c6029a1317902c7bdf2e0') in 0.003634 seconds 
========================================================================
Received Import Request.
  Time since last request: 1.924608 seconds.
  path: Assets/Scripts/Model/NpcObj/NpcObj.cs
  artifactKey: Guid(53ad6498ceec1ac40b0030d553c94bfd) Importer(815301076,1909f56bfc062723c751e8b465ee728b)
Start importing Assets/Scripts/Model/NpcObj/NpcObj.cs using Guid(53ad6498ceec1ac40b0030d553c94bfd) Importer(815301076,1909f56bfc062723c751e8b465ee728b)  -> (artifact id: '3d4e6d61dc312b68642c26c744b2c234') in 0.002694 seconds 
========================================================================
Received Import Request.
  Time since last request: 14.051604 seconds.
  path: Assets/Scripts/Model/NpcObj/NpcObj.cs
  artifactKey: Guid(53ad6498ceec1ac40b0030d553c94bfd) Importer(815301076,1909f56bfc062723c751e8b465ee728b)
Start importing Assets/Scripts/Model/NpcObj/NpcObj.cs using Guid(53ad6498ceec1ac40b0030d553c94bfd) Importer(815301076,1909f56bfc062723c751e8b465ee728b)  -> (artifact id: 'cf1f094b7b84e00292c689df14946408') in 0.003169 seconds 
========================================================================
Received Import Request.
  Time since last request: 6.210706 seconds.
  path: Assets/Scripts/Model/NpcObj/NpcObj.cs
  artifactKey: Guid(53ad6498ceec1ac40b0030d553c94bfd) Importer(815301076,1909f56bfc062723c751e8b465ee728b)
Start importing Assets/Scripts/Model/NpcObj/NpcObj.cs using Guid(53ad6498ceec1ac40b0030d553c94bfd) Importer(815301076,1909f56bfc062723c751e8b465ee728b)  -> (artifact id: '7b3368a65f3c432281755740e709b810') in 0.003109 seconds 
========================================================================
Received Import Request.
  Time since last request: 4.719244 seconds.
  path: Assets/Scripts/Model/NpcObj/NpcObj.cs
  artifactKey: Guid(53ad6498ceec1ac40b0030d553c94bfd) Importer(815301076,1909f56bfc062723c751e8b465ee728b)
Start importing Assets/Scripts/Model/NpcObj/NpcObj.cs using Guid(53ad6498ceec1ac40b0030d553c94bfd) Importer(815301076,1909f56bfc062723c751e8b465ee728b)  -> (artifact id: '74032287331b8b1763a4ede5fa509845') in 0.002764 seconds 
========================================================================
Received Import Request.
  Time since last request: 274.173790 seconds.
  path: Assets/Scripts/Model/NpcObj/NpcObj.cs
  artifactKey: Guid(53ad6498ceec1ac40b0030d553c94bfd) Importer(815301076,1909f56bfc062723c751e8b465ee728b)
Start importing Assets/Scripts/Model/NpcObj/NpcObj.cs using Guid(53ad6498ceec1ac40b0030d553c94bfd) Importer(815301076,1909f56bfc062723c751e8b465ee728b)  -> (artifact id: 'e3e27a1cb37415369ac6ec4c68f06c77') in 0.003053 seconds 
========================================================================
Received Import Request.
  Time since last request: 11.957541 seconds.
  path: Assets/Scripts/Model/NpcObj/NpcObj.cs
  artifactKey: Guid(53ad6498ceec1ac40b0030d553c94bfd) Importer(815301076,1909f56bfc062723c751e8b465ee728b)
Start importing Assets/Scripts/Model/NpcObj/NpcObj.cs using Guid(53ad6498ceec1ac40b0030d553c94bfd) Importer(815301076,1909f56bfc062723c751e8b465ee728b)  -> (artifact id: 'e477d1a9459b4178d63dd67f7a194b35') in 0.002660 seconds 
========================================================================
Received Import Request.
  Time since last request: 27707.268465 seconds.
  path: Assets/Scripts/Model/NpcObj/NpcObj.cs
  artifactKey: Guid(53ad6498ceec1ac40b0030d553c94bfd) Importer(815301076,1909f56bfc062723c751e8b465ee728b)
Start importing Assets/Scripts/Model/NpcObj/NpcObj.cs using Guid(53ad6498ceec1ac40b0030d553c94bfd) Importer(815301076,1909f56bfc062723c751e8b465ee728b)  -> (artifact id: '2d3a4b0e489861b834c9b0861dcd1cfd') in 0.003080 seconds 
========================================================================
Received Import Request.
  Time since last request: 90.054109 seconds.
  path: Assets/Scripts/Model/NpcObj/NpcObj.cs
  artifactKey: Guid(53ad6498ceec1ac40b0030d553c94bfd) Importer(815301076,1909f56bfc062723c751e8b465ee728b)
Start importing Assets/Scripts/Model/NpcObj/NpcObj.cs using Guid(53ad6498ceec1ac40b0030d553c94bfd) Importer(815301076,1909f56bfc062723c751e8b465ee728b)  -> (artifact id: '0adc80de8475be09808565d4d237522f') in 0.002864 seconds 
========================================================================
Received Import Request.
  Time since last request: 1.134750 seconds.
  path: Assets/Scripts/Model/NpcObj/NpcObj.cs
  artifactKey: Guid(53ad6498ceec1ac40b0030d553c94bfd) Importer(815301076,1909f56bfc062723c751e8b465ee728b)
Start importing Assets/Scripts/Model/NpcObj/NpcObj.cs using Guid(53ad6498ceec1ac40b0030d553c94bfd) Importer(815301076,1909f56bfc062723c751e8b465ee728b)  -> (artifact id: '593dc39e15b6cdd865f1e8341de3ef4a') in 0.002998 seconds 
========================================================================
Received Import Request.
  Time since last request: 6.950232 seconds.
  path: Assets/Scripts/Model/NpcObj/NpcObj.cs
  artifactKey: Guid(53ad6498ceec1ac40b0030d553c94bfd) Importer(815301076,1909f56bfc062723c751e8b465ee728b)
Start importing Assets/Scripts/Model/NpcObj/NpcObj.cs using Guid(53ad6498ceec1ac40b0030d553c94bfd) Importer(815301076,1909f56bfc062723c751e8b465ee728b)  -> (artifact id: 'b7beaf0f133a5aab200ebffda2280631') in 0.003257 seconds 
========================================================================
Received Import Request.
  Time since last request: 11.491381 seconds.
  path: Assets/Scripts/Model/NpcObj/NpcObj.cs
  artifactKey: Guid(53ad6498ceec1ac40b0030d553c94bfd) Importer(815301076,1909f56bfc062723c751e8b465ee728b)
Start importing Assets/Scripts/Model/NpcObj/NpcObj.cs using Guid(53ad6498ceec1ac40b0030d553c94bfd) Importer(815301076,1909f56bfc062723c751e8b465ee728b)  -> (artifact id: 'd665b8bd10516d6e8b5b99a1a422dbc9') in 0.003157 seconds 
========================================================================
Received Import Request.
  Time since last request: 164.011261 seconds.
  path: Assets/Scripts/Model/NpcObj/NpcObj.cs
  artifactKey: Guid(53ad6498ceec1ac40b0030d553c94bfd) Importer(815301076,1909f56bfc062723c751e8b465ee728b)
Start importing Assets/Scripts/Model/NpcObj/NpcObj.cs using Guid(53ad6498ceec1ac40b0030d553c94bfd) Importer(815301076,1909f56bfc062723c751e8b465ee728b)  -> (artifact id: '6333343e5a486cef7edecc17ed77ca16') in 0.002871 seconds 
========================================================================
Received Import Request.
  Time since last request: 3.033142 seconds.
  path: Assets/Scripts/Model/NpcObj/NpcObj.cs
  artifactKey: Guid(53ad6498ceec1ac40b0030d553c94bfd) Importer(815301076,1909f56bfc062723c751e8b465ee728b)
Start importing Assets/Scripts/Model/NpcObj/NpcObj.cs using Guid(53ad6498ceec1ac40b0030d553c94bfd) Importer(815301076,1909f56bfc062723c751e8b465ee728b)  -> (artifact id: 'e26e2c8791ace330f5ef62545b0f9708') in 0.002702 seconds 
========================================================================
Received Import Request.
  Time since last request: 1.087729 seconds.
  path: Assets/Scripts/Model/NpcObj/NpcObj.cs
  artifactKey: Guid(53ad6498ceec1ac40b0030d553c94bfd) Importer(815301076,1909f56bfc062723c751e8b465ee728b)
Start importing Assets/Scripts/Model/NpcObj/NpcObj.cs using Guid(53ad6498ceec1ac40b0030d553c94bfd) Importer(815301076,1909f56bfc062723c751e8b465ee728b)  -> (artifact id: '22d9b2ae7c02e0362153498c7734eb08') in 0.002658 seconds 
========================================================================
Received Import Request.
  Time since last request: 14.548510 seconds.
  path: Assets/Scripts/Model/NpcObj/NpcObj.cs
  artifactKey: Guid(53ad6498ceec1ac40b0030d553c94bfd) Importer(815301076,1909f56bfc062723c751e8b465ee728b)
Start importing Assets/Scripts/Model/NpcObj/NpcObj.cs using Guid(53ad6498ceec1ac40b0030d553c94bfd) Importer(815301076,1909f56bfc062723c751e8b465ee728b)  -> (artifact id: 'd798e4ac34715542fe69b55b87bc3de7') in 0.002939 seconds 
========================================================================
Received Import Request.
  Time since last request: 2.106198 seconds.
  path: Assets/Scripts/Model/NpcObj/NpcObj.cs
  artifactKey: Guid(53ad6498ceec1ac40b0030d553c94bfd) Importer(815301076,1909f56bfc062723c751e8b465ee728b)
Start importing Assets/Scripts/Model/NpcObj/NpcObj.cs using Guid(53ad6498ceec1ac40b0030d553c94bfd) Importer(815301076,1909f56bfc062723c751e8b465ee728b)  -> (artifact id: '62768c5538e624f86788d8c737bb20de') in 0.002534 seconds 
========================================================================
Received Import Request.
  Time since last request: 2.007233 seconds.
  path: Assets/Scripts/Model/NpcObj/NpcObj.cs
  artifactKey: Guid(53ad6498ceec1ac40b0030d553c94bfd) Importer(815301076,1909f56bfc062723c751e8b465ee728b)
Start importing Assets/Scripts/Model/NpcObj/NpcObj.cs using Guid(53ad6498ceec1ac40b0030d553c94bfd) Importer(815301076,1909f56bfc062723c751e8b465ee728b)  -> (artifact id: 'd8c54c3d1c21e75df0f5ff647bccd623') in 0.002490 seconds 
========================================================================
Received Import Request.
  Time since last request: 2.929351 seconds.
  path: Assets/Scripts/Model/NpcObj/NpcObj.cs
  artifactKey: Guid(53ad6498ceec1ac40b0030d553c94bfd) Importer(815301076,1909f56bfc062723c751e8b465ee728b)
Start importing Assets/Scripts/Model/NpcObj/NpcObj.cs using Guid(53ad6498ceec1ac40b0030d553c94bfd) Importer(815301076,1909f56bfc062723c751e8b465ee728b)  -> (artifact id: '80753e894391e7b8283a5c42993b7ee0') in 0.005287 seconds 
========================================================================
Received Import Request.
  Time since last request: 5.001841 seconds.
  path: Assets/Scripts/Model/NpcObj/NpcObj.cs
  artifactKey: Guid(53ad6498ceec1ac40b0030d553c94bfd) Importer(815301076,1909f56bfc062723c751e8b465ee728b)
Start importing Assets/Scripts/Model/NpcObj/NpcObj.cs using Guid(53ad6498ceec1ac40b0030d553c94bfd) Importer(815301076,1909f56bfc062723c751e8b465ee728b)  -> (artifact id: '854b962f71640654869e852eba33835c') in 0.002986 seconds 
========================================================================
Received Import Request.
  Time since last request: 3.878479 seconds.
  path: Assets/Scripts/Model/NpcObj/NpcObj.cs
  artifactKey: Guid(53ad6498ceec1ac40b0030d553c94bfd) Importer(815301076,1909f56bfc062723c751e8b465ee728b)
Start importing Assets/Scripts/Model/NpcObj/NpcObj.cs using Guid(53ad6498ceec1ac40b0030d553c94bfd) Importer(815301076,1909f56bfc062723c751e8b465ee728b)  -> (artifact id: '10d86ecfd8857fcf103b7caa69612ea9') in 0.003186 seconds 
========================================================================
Received Import Request.
  Time since last request: 1.689756 seconds.
  path: Assets/Scripts/Model/NpcObj/NpcObj.cs
  artifactKey: Guid(53ad6498ceec1ac40b0030d553c94bfd) Importer(815301076,1909f56bfc062723c751e8b465ee728b)
Start importing Assets/Scripts/Model/NpcObj/NpcObj.cs using Guid(53ad6498ceec1ac40b0030d553c94bfd) Importer(815301076,1909f56bfc062723c751e8b465ee728b)  -> (artifact id: 'fbdc624688fc0e272e053b79ff9bd262') in 0.002516 seconds 
========================================================================
Received Import Request.
  Time since last request: 4.961538 seconds.
  path: Assets/Scripts/Model/NpcObj/NpcObj.cs
  artifactKey: Guid(53ad6498ceec1ac40b0030d553c94bfd) Importer(815301076,1909f56bfc062723c751e8b465ee728b)
Start importing Assets/Scripts/Model/NpcObj/NpcObj.cs using Guid(53ad6498ceec1ac40b0030d553c94bfd) Importer(815301076,1909f56bfc062723c751e8b465ee728b)  -> (artifact id: '01a5bc8d6c9168fdf5fec6fa10b32fe8') in 0.003030 seconds 
========================================================================
Received Import Request.
  Time since last request: 4.297502 seconds.
  path: Assets/Scripts/Model/NpcObj/NpcObj.cs
  artifactKey: Guid(53ad6498ceec1ac40b0030d553c94bfd) Importer(815301076,1909f56bfc062723c751e8b465ee728b)
Start importing Assets/Scripts/Model/NpcObj/NpcObj.cs using Guid(53ad6498ceec1ac40b0030d553c94bfd) Importer(815301076,1909f56bfc062723c751e8b465ee728b)  -> (artifact id: 'ac83201aee872bcff6c6c21a80e3a5c2') in 0.003168 seconds 
========================================================================
Received Import Request.
  Time since last request: 10.943184 seconds.
  path: Assets/Scripts/Model/NpcObj/NpcObj.cs
  artifactKey: Guid(53ad6498ceec1ac40b0030d553c94bfd) Importer(815301076,1909f56bfc062723c751e8b465ee728b)
Start importing Assets/Scripts/Model/NpcObj/NpcObj.cs using Guid(53ad6498ceec1ac40b0030d553c94bfd) Importer(815301076,1909f56bfc062723c751e8b465ee728b)  -> (artifact id: '428505d61c763343171fb49729dfd515') in 0.003107 seconds 
========================================================================
Received Import Request.
  Time since last request: 12.071901 seconds.
  path: Assets/Scripts/Model/NpcObj/NpcObj.cs
  artifactKey: Guid(53ad6498ceec1ac40b0030d553c94bfd) Importer(815301076,1909f56bfc062723c751e8b465ee728b)
Start importing Assets/Scripts/Model/NpcObj/NpcObj.cs using Guid(53ad6498ceec1ac40b0030d553c94bfd) Importer(815301076,1909f56bfc062723c751e8b465ee728b)  -> (artifact id: 'edf75bd2d0282c077841a3168ec71da9') in 0.002864 seconds 
========================================================================
Received Import Request.
  Time since last request: 5.219920 seconds.
  path: Assets/Scripts/Model/NpcObj/NpcObj.cs
  artifactKey: Guid(53ad6498ceec1ac40b0030d553c94bfd) Importer(815301076,1909f56bfc062723c751e8b465ee728b)
Start importing Assets/Scripts/Model/NpcObj/NpcObj.cs using Guid(53ad6498ceec1ac40b0030d553c94bfd) Importer(815301076,1909f56bfc062723c751e8b465ee728b)  -> (artifact id: '61c4da0932535cd666f7631d35f42234') in 0.002592 seconds 
========================================================================
Received Import Request.
  Time since last request: 5.086051 seconds.
  path: Assets/Scripts/Model/NpcObj/NpcObj.cs
  artifactKey: Guid(53ad6498ceec1ac40b0030d553c94bfd) Importer(815301076,1909f56bfc062723c751e8b465ee728b)
Start importing Assets/Scripts/Model/NpcObj/NpcObj.cs using Guid(53ad6498ceec1ac40b0030d553c94bfd) Importer(815301076,1909f56bfc062723c751e8b465ee728b)  -> (artifact id: 'a80a688ad46d5daba1ced19a36261325') in 0.002994 seconds 
========================================================================
Received Import Request.
  Time since last request: 9.258833 seconds.
  path: Assets/Scripts/Model/NpcObj/NpcObj.cs
  artifactKey: Guid(53ad6498ceec1ac40b0030d553c94bfd) Importer(815301076,1909f56bfc062723c751e8b465ee728b)
Start importing Assets/Scripts/Model/NpcObj/NpcObj.cs using Guid(53ad6498ceec1ac40b0030d553c94bfd) Importer(815301076,1909f56bfc062723c751e8b465ee728b)  -> (artifact id: '2b9257f30555c8fd455114137050bbca') in 0.002942 seconds 
========================================================================
Received Import Request.
  Time since last request: 6.501361 seconds.
  path: Assets/Scripts/Model/NpcObj/NpcObj.cs
  artifactKey: Guid(53ad6498ceec1ac40b0030d553c94bfd) Importer(815301076,1909f56bfc062723c751e8b465ee728b)
Start importing Assets/Scripts/Model/NpcObj/NpcObj.cs using Guid(53ad6498ceec1ac40b0030d553c94bfd) Importer(815301076,1909f56bfc062723c751e8b465ee728b)  -> (artifact id: 'dd015e6eaafbe02b604a3d7846251a60') in 0.002914 seconds 
========================================================================
Received Import Request.
  Time since last request: 0.912277 seconds.
  path: Assets/Scripts/Model/NpcObj/NpcObj.cs
  artifactKey: Guid(53ad6498ceec1ac40b0030d553c94bfd) Importer(815301076,1909f56bfc062723c751e8b465ee728b)
Start importing Assets/Scripts/Model/NpcObj/NpcObj.cs using Guid(53ad6498ceec1ac40b0030d553c94bfd) Importer(815301076,1909f56bfc062723c751e8b465ee728b)  -> (artifact id: '00eee0aad93e730ad4e5592db4e5ad1e') in 0.002567 seconds 
========================================================================
Received Import Request.
  Time since last request: 3.308875 seconds.
  path: Assets/Scripts/Model/NpcObj/NpcObj.cs
  artifactKey: Guid(53ad6498ceec1ac40b0030d553c94bfd) Importer(815301076,1909f56bfc062723c751e8b465ee728b)
Start importing Assets/Scripts/Model/NpcObj/NpcObj.cs using Guid(53ad6498ceec1ac40b0030d553c94bfd) Importer(815301076,1909f56bfc062723c751e8b465ee728b)  -> (artifact id: '8d5de5c94dd7ef9310d9209e5ad9bf5b') in 0.002622 seconds 
========================================================================
Received Import Request.
  Time since last request: 3.880604 seconds.
  path: Assets/Scripts/Model/NpcObj/NpcObj.cs
  artifactKey: Guid(53ad6498ceec1ac40b0030d553c94bfd) Importer(815301076,1909f56bfc062723c751e8b465ee728b)
Start importing Assets/Scripts/Model/NpcObj/NpcObj.cs using Guid(53ad6498ceec1ac40b0030d553c94bfd) Importer(815301076,1909f56bfc062723c751e8b465ee728b)  -> (artifact id: '09978901f81dd064bf3c496310064f04') in 0.002667 seconds 
========================================================================
Received Import Request.
  Time since last request: 3.105751 seconds.
  path: Assets/Scripts/Model/NpcObj/NpcObj.cs
  artifactKey: Guid(53ad6498ceec1ac40b0030d553c94bfd) Importer(815301076,1909f56bfc062723c751e8b465ee728b)
Start importing Assets/Scripts/Model/NpcObj/NpcObj.cs using Guid(53ad6498ceec1ac40b0030d553c94bfd) Importer(815301076,1909f56bfc062723c751e8b465ee728b)  -> (artifact id: 'd96d4cc043c7add8b05939693ca8b8ee') in 0.003032 seconds 
========================================================================
Received Import Request.
  Time since last request: 91.871672 seconds.
  path: Assets/Scripts/Model/NpcObj/NpcObj.cs
  artifactKey: Guid(53ad6498ceec1ac40b0030d553c94bfd) Importer(815301076,1909f56bfc062723c751e8b465ee728b)
Start importing Assets/Scripts/Model/NpcObj/NpcObj.cs using Guid(53ad6498ceec1ac40b0030d553c94bfd) Importer(815301076,1909f56bfc062723c751e8b465ee728b)  -> (artifact id: '443bf9b03bb8a6ce34d3e97c4bdeb84d') in 0.002773 seconds 
========================================================================
Received Import Request.
  Time since last request: 13.385267 seconds.
  path: Assets/Scripts/Model/NpcObj/NpcObj.cs
  artifactKey: Guid(53ad6498ceec1ac40b0030d553c94bfd) Importer(815301076,1909f56bfc062723c751e8b465ee728b)
Start importing Assets/Scripts/Model/NpcObj/NpcObj.cs using Guid(53ad6498ceec1ac40b0030d553c94bfd) Importer(815301076,1909f56bfc062723c751e8b465ee728b)  -> (artifact id: 'cfd990c648ea26a4c39d6684e2bb6f41') in 0.003238 seconds 
========================================================================
Received Import Request.
  Time since last request: 7.742546 seconds.
  path: Assets/Scripts/Model/NpcObj/NpcObj.cs
  artifactKey: Guid(53ad6498ceec1ac40b0030d553c94bfd) Importer(815301076,1909f56bfc062723c751e8b465ee728b)
Start importing Assets/Scripts/Model/NpcObj/NpcObj.cs using Guid(53ad6498ceec1ac40b0030d553c94bfd) Importer(815301076,1909f56bfc062723c751e8b465ee728b)  -> (artifact id: 'fd7d9988599f5a5e528e1f0ab20ac245') in 0.002824 seconds 
========================================================================
Received Import Request.
  Time since last request: 268.463627 seconds.
  path: Assets/Scripts/Model/NpcObj/NpcObj.cs
  artifactKey: Guid(53ad6498ceec1ac40b0030d553c94bfd) Importer(815301076,1909f56bfc062723c751e8b465ee728b)
Start importing Assets/Scripts/Model/NpcObj/NpcObj.cs using Guid(53ad6498ceec1ac40b0030d553c94bfd) Importer(815301076,1909f56bfc062723c751e8b465ee728b)  -> (artifact id: 'a86a5417e1cdef9bcc08837da6ca0f57') in 0.003006 seconds 
========================================================================
Received Import Request.
  Time since last request: 17.467272 seconds.
  path: Assets/Scripts/Model/NpcObj/NpcObj.cs
  artifactKey: Guid(53ad6498ceec1ac40b0030d553c94bfd) Importer(815301076,1909f56bfc062723c751e8b465ee728b)
Start importing Assets/Scripts/Model/NpcObj/NpcObj.cs using Guid(53ad6498ceec1ac40b0030d553c94bfd) Importer(815301076,1909f56bfc062723c751e8b465ee728b)  -> (artifact id: '20739f0dde11fa9823919b252aac87c6') in 0.003176 seconds 
========================================================================
Received Import Request.
  Time since last request: 27.479291 seconds.
  path: Assets/Scripts/Model/NpcObj/NpcObj.cs
  artifactKey: Guid(53ad6498ceec1ac40b0030d553c94bfd) Importer(815301076,1909f56bfc062723c751e8b465ee728b)
Start importing Assets/Scripts/Model/NpcObj/NpcObj.cs using Guid(53ad6498ceec1ac40b0030d553c94bfd) Importer(815301076,1909f56bfc062723c751e8b465ee728b)  -> (artifact id: '2d0adf727141b7373f92de3326bd5f8f') in 0.002822 seconds 
========================================================================
Received Import Request.
  Time since last request: 7.899675 seconds.
  path: Assets/Scripts/Model/NpcObj/NpcObj.cs
  artifactKey: Guid(53ad6498ceec1ac40b0030d553c94bfd) Importer(815301076,1909f56bfc062723c751e8b465ee728b)
Start importing Assets/Scripts/Model/NpcObj/NpcObj.cs using Guid(53ad6498ceec1ac40b0030d553c94bfd) Importer(815301076,1909f56bfc062723c751e8b465ee728b)  -> (artifact id: '300211a524054c8706eabefa53487dee') in 0.003693 seconds 
========================================================================
Received Import Request.
  Time since last request: 6.920244 seconds.
  path: Assets/Scripts/Model/NpcObj/NpcObj.cs
  artifactKey: Guid(53ad6498ceec1ac40b0030d553c94bfd) Importer(815301076,1909f56bfc062723c751e8b465ee728b)
Start importing Assets/Scripts/Model/NpcObj/NpcObj.cs using Guid(53ad6498ceec1ac40b0030d553c94bfd) Importer(815301076,1909f56bfc062723c751e8b465ee728b)  -> (artifact id: 'a1ba3cecb3b030a474525e191daf5170') in 0.002802 seconds 
========================================================================
Received Import Request.
  Time since last request: 2.152790 seconds.
  path: Assets/Scripts/Model/NpcObj/NpcObj.cs
  artifactKey: Guid(53ad6498ceec1ac40b0030d553c94bfd) Importer(815301076,1909f56bfc062723c751e8b465ee728b)
Start importing Assets/Scripts/Model/NpcObj/NpcObj.cs using Guid(53ad6498ceec1ac40b0030d553c94bfd) Importer(815301076,1909f56bfc062723c751e8b465ee728b)  -> (artifact id: 'bbfefc02526ae7c727939f41d9878d92') in 0.002990 seconds 
========================================================================
Received Import Request.
  Time since last request: 7.003878 seconds.
  path: Assets/Scripts/Model/NpcObj/NpcObj.cs
  artifactKey: Guid(53ad6498ceec1ac40b0030d553c94bfd) Importer(815301076,1909f56bfc062723c751e8b465ee728b)
Start importing Assets/Scripts/Model/NpcObj/NpcObj.cs using Guid(53ad6498ceec1ac40b0030d553c94bfd) Importer(815301076,1909f56bfc062723c751e8b465ee728b)  -> (artifact id: 'a151da7cf9331e5b68cf04a86a57d486') in 0.002699 seconds 
========================================================================
Received Import Request.
  Time since last request: 3.917893 seconds.
  path: Assets/Scripts/Model/NpcObj/NpcObj.cs
  artifactKey: Guid(53ad6498ceec1ac40b0030d553c94bfd) Importer(815301076,1909f56bfc062723c751e8b465ee728b)
Start importing Assets/Scripts/Model/NpcObj/NpcObj.cs using Guid(53ad6498ceec1ac40b0030d553c94bfd) Importer(815301076,1909f56bfc062723c751e8b465ee728b)  -> (artifact id: '2f5efbe2bd664f76912230273d623810') in 0.002703 seconds 
========================================================================
Received Import Request.
  Time since last request: 4.594000 seconds.
  path: Assets/Scripts/Model/NpcObj/NpcObj.cs
  artifactKey: Guid(53ad6498ceec1ac40b0030d553c94bfd) Importer(815301076,1909f56bfc062723c751e8b465ee728b)
Start importing Assets/Scripts/Model/NpcObj/NpcObj.cs using Guid(53ad6498ceec1ac40b0030d553c94bfd) Importer(815301076,1909f56bfc062723c751e8b465ee728b)  -> (artifact id: '112412744aa166cc3a110bc3e2865279') in 0.003141 seconds 
========================================================================
Received Import Request.
  Time since last request: 6.871916 seconds.
  path: Assets/Scripts/Model/NpcObj/NpcObj.cs
  artifactKey: Guid(53ad6498ceec1ac40b0030d553c94bfd) Importer(815301076,1909f56bfc062723c751e8b465ee728b)
Start importing Assets/Scripts/Model/NpcObj/NpcObj.cs using Guid(53ad6498ceec1ac40b0030d553c94bfd) Importer(815301076,1909f56bfc062723c751e8b465ee728b)  -> (artifact id: '1ec4f0e84b4bddb847e8903083a41739') in 0.003222 seconds 
========================================================================
Received Import Request.
  Time since last request: 1.361039 seconds.
  path: Assets/Scripts/Model/NpcObj/NpcObj.cs
  artifactKey: Guid(53ad6498ceec1ac40b0030d553c94bfd) Importer(815301076,1909f56bfc062723c751e8b465ee728b)
Start importing Assets/Scripts/Model/NpcObj/NpcObj.cs using Guid(53ad6498ceec1ac40b0030d553c94bfd) Importer(815301076,1909f56bfc062723c751e8b465ee728b)  -> (artifact id: 'c18e11960303a335b8a6061c96065263') in 0.002567 seconds 
========================================================================
Received Import Request.
  Time since last request: 15.750943 seconds.
  path: Assets/Scripts/Model/NpcObj/NpcObj.cs
  artifactKey: Guid(53ad6498ceec1ac40b0030d553c94bfd) Importer(815301076,1909f56bfc062723c751e8b465ee728b)
Start importing Assets/Scripts/Model/NpcObj/NpcObj.cs using Guid(53ad6498ceec1ac40b0030d553c94bfd) Importer(815301076,1909f56bfc062723c751e8b465ee728b)  -> (artifact id: '74105edddfbe54b62903919f326ba38c') in 0.002421 seconds 
========================================================================
Received Import Request.
  Time since last request: 91.974671 seconds.
  path: Assets/Scripts/Model/NpcObj/NpcObj.cs
  artifactKey: Guid(53ad6498ceec1ac40b0030d553c94bfd) Importer(815301076,1909f56bfc062723c751e8b465ee728b)
Start importing Assets/Scripts/Model/NpcObj/NpcObj.cs using Guid(53ad6498ceec1ac40b0030d553c94bfd) Importer(815301076,1909f56bfc062723c751e8b465ee728b)  -> (artifact id: '97613699f336c7c5e88c5fa514e19290') in 0.003154 seconds 
========================================================================
Received Import Request.
  Time since last request: 3.448935 seconds.
  path: Assets/Scripts/Model/NpcObj/NpcObj.cs
  artifactKey: Guid(53ad6498ceec1ac40b0030d553c94bfd) Importer(815301076,1909f56bfc062723c751e8b465ee728b)
Start importing Assets/Scripts/Model/NpcObj/NpcObj.cs using Guid(53ad6498ceec1ac40b0030d553c94bfd) Importer(815301076,1909f56bfc062723c751e8b465ee728b)  -> (artifact id: 'e3bb2354a4771ea411bd545b38451bed') in 0.005488 seconds 
========================================================================
Received Import Request.
  Time since last request: 10.827790 seconds.
  path: Assets/Scripts/Model/NpcObj/NpcObj.cs
  artifactKey: Guid(53ad6498ceec1ac40b0030d553c94bfd) Importer(815301076,1909f56bfc062723c751e8b465ee728b)
Start importing Assets/Scripts/Model/NpcObj/NpcObj.cs using Guid(53ad6498ceec1ac40b0030d553c94bfd) Importer(815301076,1909f56bfc062723c751e8b465ee728b)  -> (artifact id: '25bcf8c81c461603faffdc9aa18549bf') in 0.002604 seconds 
========================================================================
Received Import Request.
  Time since last request: 27.301968 seconds.
  path: Assets/Scripts/Model/NpcObj/NpcObj.cs
  artifactKey: Guid(53ad6498ceec1ac40b0030d553c94bfd) Importer(815301076,1909f56bfc062723c751e8b465ee728b)
Start importing Assets/Scripts/Model/NpcObj/NpcObj.cs using Guid(53ad6498ceec1ac40b0030d553c94bfd) Importer(815301076,1909f56bfc062723c751e8b465ee728b)  -> (artifact id: '4dbcb491dd13705d259cfbe9abebc90e') in 0.002890 seconds 
========================================================================
Received Import Request.
  Time since last request: 15.184843 seconds.
  path: Assets/Scripts/Model/NpcObj/NpcObj.cs
  artifactKey: Guid(53ad6498ceec1ac40b0030d553c94bfd) Importer(815301076,1909f56bfc062723c751e8b465ee728b)
Start importing Assets/Scripts/Model/NpcObj/NpcObj.cs using Guid(53ad6498ceec1ac40b0030d553c94bfd) Importer(815301076,1909f56bfc062723c751e8b465ee728b)  -> (artifact id: 'b2be902fbf25fefee91e52b971b9ae22') in 0.003498 seconds 
========================================================================
Received Import Request.
  Time since last request: 3.613732 seconds.
  path: Assets/Scripts/Model/NpcObj/NpcObj.cs
  artifactKey: Guid(53ad6498ceec1ac40b0030d553c94bfd) Importer(815301076,1909f56bfc062723c751e8b465ee728b)
Start importing Assets/Scripts/Model/NpcObj/NpcObj.cs using Guid(53ad6498ceec1ac40b0030d553c94bfd) Importer(815301076,1909f56bfc062723c751e8b465ee728b)  -> (artifact id: '3ce0dcd443973736275c77f3fd06a570') in 0.003396 seconds 
========================================================================
Received Import Request.
  Time since last request: 2.325311 seconds.
  path: Assets/Scripts/Model/NpcObj/NpcObj.cs
  artifactKey: Guid(53ad6498ceec1ac40b0030d553c94bfd) Importer(815301076,1909f56bfc062723c751e8b465ee728b)
Start importing Assets/Scripts/Model/NpcObj/NpcObj.cs using Guid(53ad6498ceec1ac40b0030d553c94bfd) Importer(815301076,1909f56bfc062723c751e8b465ee728b)  -> (artifact id: '8cd45946c7692053fc4a61de69e8a331') in 0.004119 seconds 
========================================================================
Received Import Request.
  Time since last request: 36.939707 seconds.
  path: Assets/Scripts/Model/NpcObj/NpcObj.cs
  artifactKey: Guid(53ad6498ceec1ac40b0030d553c94bfd) Importer(815301076,1909f56bfc062723c751e8b465ee728b)
Start importing Assets/Scripts/Model/NpcObj/NpcObj.cs using Guid(53ad6498ceec1ac40b0030d553c94bfd) Importer(815301076,1909f56bfc062723c751e8b465ee728b)  -> (artifact id: 'e849186534c3a54c098392a5ef354712') in 0.002624 seconds 
========================================================================
Received Import Request.
  Time since last request: 2.610402 seconds.
  path: Assets/Scripts/Model/NpcObj/NpcObj.cs
  artifactKey: Guid(53ad6498ceec1ac40b0030d553c94bfd) Importer(815301076,1909f56bfc062723c751e8b465ee728b)
Start importing Assets/Scripts/Model/NpcObj/NpcObj.cs using Guid(53ad6498ceec1ac40b0030d553c94bfd) Importer(815301076,1909f56bfc062723c751e8b465ee728b)  -> (artifact id: 'f4bdd39d0732a64a76c5afa6522a5847') in 0.003173 seconds 
========================================================================
Received Import Request.
  Time since last request: 5.279582 seconds.
  path: Assets/Scripts/Model/NpcObj/NpcObj.cs
  artifactKey: Guid(53ad6498ceec1ac40b0030d553c94bfd) Importer(815301076,1909f56bfc062723c751e8b465ee728b)
Start importing Assets/Scripts/Model/NpcObj/NpcObj.cs using Guid(53ad6498ceec1ac40b0030d553c94bfd) Importer(815301076,1909f56bfc062723c751e8b465ee728b)  -> (artifact id: 'a5b3f51b90411bd8ca43289169c3944e') in 0.003071 seconds 
========================================================================
Received Import Request.
  Time since last request: 2.348761 seconds.
  path: Assets/Scripts/Model/NpcObj/NpcObj.cs
  artifactKey: Guid(53ad6498ceec1ac40b0030d553c94bfd) Importer(815301076,1909f56bfc062723c751e8b465ee728b)
Start importing Assets/Scripts/Model/NpcObj/NpcObj.cs using Guid(53ad6498ceec1ac40b0030d553c94bfd) Importer(815301076,1909f56bfc062723c751e8b465ee728b)  -> (artifact id: '59e649396bb76b8ccee7dba0ecefa9e0') in 0.003240 seconds 
========================================================================
Received Import Request.
  Time since last request: 13.663121 seconds.
  path: Assets/Scripts/Model/NpcObj/NpcObj.cs
  artifactKey: Guid(53ad6498ceec1ac40b0030d553c94bfd) Importer(815301076,1909f56bfc062723c751e8b465ee728b)
Start importing Assets/Scripts/Model/NpcObj/NpcObj.cs using Guid(53ad6498ceec1ac40b0030d553c94bfd) Importer(815301076,1909f56bfc062723c751e8b465ee728b)  -> (artifact id: '3c1855f4870d94b54c5e87eb0dfc7f9e') in 0.006285 seconds 
========================================================================
Received Import Request.
  Time since last request: 5.515915 seconds.
  path: Assets/Scripts/Model/NpcObj/NpcObj.cs
  artifactKey: Guid(53ad6498ceec1ac40b0030d553c94bfd) Importer(815301076,1909f56bfc062723c751e8b465ee728b)
Start importing Assets/Scripts/Model/NpcObj/NpcObj.cs using Guid(53ad6498ceec1ac40b0030d553c94bfd) Importer(815301076,1909f56bfc062723c751e8b465ee728b)  -> (artifact id: '4c7649ebe98744c53e4b5e7aa5f16a82') in 0.003053 seconds 
========================================================================
Received Import Request.
  Time since last request: 8.191768 seconds.
  path: Assets/Scripts/Model/NpcObj/NpcObj.cs
  artifactKey: Guid(53ad6498ceec1ac40b0030d553c94bfd) Importer(815301076,1909f56bfc062723c751e8b465ee728b)
Start importing Assets/Scripts/Model/NpcObj/NpcObj.cs using Guid(53ad6498ceec1ac40b0030d553c94bfd) Importer(815301076,1909f56bfc062723c751e8b465ee728b)  -> (artifact id: '8ed8c440578dea3a24bb36a417493e30') in 0.003231 seconds 
========================================================================
Received Import Request.
  Time since last request: 1361.549557 seconds.
  path: Assets/Scripts/Model/NpcObj/NpcObj.cs
  artifactKey: Guid(53ad6498ceec1ac40b0030d553c94bfd) Importer(815301076,1909f56bfc062723c751e8b465ee728b)
Start importing Assets/Scripts/Model/NpcObj/NpcObj.cs using Guid(53ad6498ceec1ac40b0030d553c94bfd) Importer(815301076,1909f56bfc062723c751e8b465ee728b)  -> (artifact id: '16e852b931ffb34f0cba001baf9e82be') in 0.003112 seconds 
========================================================================
Received Import Request.
  Time since last request: 1.575032 seconds.
  path: Assets/Scripts/Model/NpcObj/NpcObj.cs
  artifactKey: Guid(53ad6498ceec1ac40b0030d553c94bfd) Importer(815301076,1909f56bfc062723c751e8b465ee728b)
Start importing Assets/Scripts/Model/NpcObj/NpcObj.cs using Guid(53ad6498ceec1ac40b0030d553c94bfd) Importer(815301076,1909f56bfc062723c751e8b465ee728b)  -> (artifact id: '11623c55869765cc1cd85c8f26317f16') in 0.005848 seconds 
========================================================================
Received Import Request.
  Time since last request: 1.604673 seconds.
  path: Assets/Scripts/Model/NpcObj/NpcObj.cs
  artifactKey: Guid(53ad6498ceec1ac40b0030d553c94bfd) Importer(815301076,1909f56bfc062723c751e8b465ee728b)
Start importing Assets/Scripts/Model/NpcObj/NpcObj.cs using Guid(53ad6498ceec1ac40b0030d553c94bfd) Importer(815301076,1909f56bfc062723c751e8b465ee728b)  -> (artifact id: '373fb115355a1a5c80515d5b120b57b3') in 0.003046 seconds 
========================================================================
Received Import Request.
  Time since last request: 10.669985 seconds.
  path: Assets/Scripts/Model/NpcObj/NpcObj.cs
  artifactKey: Guid(53ad6498ceec1ac40b0030d553c94bfd) Importer(815301076,1909f56bfc062723c751e8b465ee728b)
Start importing Assets/Scripts/Model/NpcObj/NpcObj.cs using Guid(53ad6498ceec1ac40b0030d553c94bfd) Importer(815301076,1909f56bfc062723c751e8b465ee728b)  -> (artifact id: '7e388a56275844382d60ce80b2c8c78d') in 0.002535 seconds 
========================================================================
Received Import Request.
  Time since last request: 6.998265 seconds.
  path: Assets/Scripts/Model/NpcObj/NpcObj.cs
  artifactKey: Guid(53ad6498ceec1ac40b0030d553c94bfd) Importer(815301076,1909f56bfc062723c751e8b465ee728b)
Start importing Assets/Scripts/Model/NpcObj/NpcObj.cs using Guid(53ad6498ceec1ac40b0030d553c94bfd) Importer(815301076,1909f56bfc062723c751e8b465ee728b)  -> (artifact id: 'f5a4aebc5a146f2914b2b7fb823ac1f4') in 0.002777 seconds 
========================================================================
Received Import Request.
  Time since last request: 4.218347 seconds.
  path: Assets/Scripts/Model/NpcObj/NpcObj.cs
  artifactKey: Guid(53ad6498ceec1ac40b0030d553c94bfd) Importer(815301076,1909f56bfc062723c751e8b465ee728b)
Start importing Assets/Scripts/Model/NpcObj/NpcObj.cs using Guid(53ad6498ceec1ac40b0030d553c94bfd) Importer(815301076,1909f56bfc062723c751e8b465ee728b)  -> (artifact id: '7f1a5c18097b9e773a73424f5eadfbee') in 0.002986 seconds 
========================================================================
Received Import Request.
  Time since last request: 1.941069 seconds.
  path: Assets/Scripts/Model/NpcObj/NpcObj.cs
  artifactKey: Guid(53ad6498ceec1ac40b0030d553c94bfd) Importer(815301076,1909f56bfc062723c751e8b465ee728b)
Start importing Assets/Scripts/Model/NpcObj/NpcObj.cs using Guid(53ad6498ceec1ac40b0030d553c94bfd) Importer(815301076,1909f56bfc062723c751e8b465ee728b)  -> (artifact id: '51ac4f12f56ad378e7143768cc3ea0c8') in 0.003121 seconds 
========================================================================
Received Import Request.
  Time since last request: 596.806387 seconds.
  path: Assets/Scripts/Model/BuildingObj/Interfaces.cs
  artifactKey: Guid(ba7ae7e4a49aa1f45beae0824ce56cf9) Importer(815301076,1909f56bfc062723c751e8b465ee728b)
Start importing Assets/Scripts/Model/BuildingObj/Interfaces.cs using Guid(ba7ae7e4a49aa1f45beae0824ce56cf9) Importer(815301076,1909f56bfc062723c751e8b465ee728b)  -> (artifact id: 'c323f65636a90144d02a3864a6ba225e') in 0.003507 seconds 
========================================================================
Received Import Request.
  Time since last request: 49.960453 seconds.
  path: Assets/Scripts/Model/BuildingObj/Interfaces.cs
  artifactKey: Guid(ba7ae7e4a49aa1f45beae0824ce56cf9) Importer(815301076,1909f56bfc062723c751e8b465ee728b)
Start importing Assets/Scripts/Model/BuildingObj/Interfaces.cs using Guid(ba7ae7e4a49aa1f45beae0824ce56cf9) Importer(815301076,1909f56bfc062723c751e8b465ee728b)  -> (artifact id: '81547db2f70b49f740d1a86c4e42742a') in 0.002620 seconds 
========================================================================
Received Import Request.
  Time since last request: 13.041256 seconds.
  path: Assets/Scripts/Model/BuildingObj/Interfaces.cs
  artifactKey: Guid(ba7ae7e4a49aa1f45beae0824ce56cf9) Importer(815301076,1909f56bfc062723c751e8b465ee728b)
Start importing Assets/Scripts/Model/BuildingObj/Interfaces.cs using Guid(ba7ae7e4a49aa1f45beae0824ce56cf9) Importer(815301076,1909f56bfc062723c751e8b465ee728b)  -> (artifact id: '234a925eaa7853ea1e1e592f17d5afcf') in 0.003011 seconds 
========================================================================
Received Import Request.
  Time since last request: 4.272189 seconds.
  path: Assets/Scripts/Model/BuildingObj/Interfaces.cs
  artifactKey: Guid(ba7ae7e4a49aa1f45beae0824ce56cf9) Importer(815301076,1909f56bfc062723c751e8b465ee728b)
Start importing Assets/Scripts/Model/BuildingObj/Interfaces.cs using Guid(ba7ae7e4a49aa1f45beae0824ce56cf9) Importer(815301076,1909f56bfc062723c751e8b465ee728b)  -> (artifact id: '16ba2c75b4340388f42205d92aea5bfd') in 0.003001 seconds 
========================================================================
Received Import Request.
  Time since last request: 22.500937 seconds.
  path: Assets/Scripts/Model/BuildingObj/Interfaces.cs
  artifactKey: Guid(ba7ae7e4a49aa1f45beae0824ce56cf9) Importer(815301076,1909f56bfc062723c751e8b465ee728b)
Start importing Assets/Scripts/Model/BuildingObj/Interfaces.cs using Guid(ba7ae7e4a49aa1f45beae0824ce56cf9) Importer(815301076,1909f56bfc062723c751e8b465ee728b)  -> (artifact id: 'c3ed86b448db972262e6e989117f5e0b') in 0.003323 seconds 
========================================================================
Received Import Request.
  Time since last request: 2.343898 seconds.
  path: Assets/Scripts/Model/BuildingObj/Interfaces.cs
  artifactKey: Guid(ba7ae7e4a49aa1f45beae0824ce56cf9) Importer(815301076,1909f56bfc062723c751e8b465ee728b)
Start importing Assets/Scripts/Model/BuildingObj/Interfaces.cs using Guid(ba7ae7e4a49aa1f45beae0824ce56cf9) Importer(815301076,1909f56bfc062723c751e8b465ee728b)  -> (artifact id: '113debc2ed2e6d3e5101bf4d6d6f474c') in 0.002825 seconds 
========================================================================
Received Import Request.
  Time since last request: 0.950353 seconds.
  path: Assets/Scripts/Model/BuildingObj/Interfaces.cs
  artifactKey: Guid(ba7ae7e4a49aa1f45beae0824ce56cf9) Importer(815301076,1909f56bfc062723c751e8b465ee728b)
Start importing Assets/Scripts/Model/BuildingObj/Interfaces.cs using Guid(ba7ae7e4a49aa1f45beae0824ce56cf9) Importer(815301076,1909f56bfc062723c751e8b465ee728b)  -> (artifact id: '9ac0743234cdf67a5075380867253a4e') in 0.003107 seconds 
========================================================================
Received Import Request.
  Time since last request: 1.361804 seconds.
  path: Assets/Scripts/Model/BuildingObj/Interfaces.cs
  artifactKey: Guid(ba7ae7e4a49aa1f45beae0824ce56cf9) Importer(815301076,1909f56bfc062723c751e8b465ee728b)
Start importing Assets/Scripts/Model/BuildingObj/Interfaces.cs using Guid(ba7ae7e4a49aa1f45beae0824ce56cf9) Importer(815301076,1909f56bfc062723c751e8b465ee728b)  -> (artifact id: '8a950b3d0eb4792cbaafede8fe17a8e0') in 0.002664 seconds 
========================================================================
Received Import Request.
  Time since last request: 77.361628 seconds.
  path: Assets/Scripts/Model/BuildingObj/Interfaces.cs
  artifactKey: Guid(ba7ae7e4a49aa1f45beae0824ce56cf9) Importer(815301076,1909f56bfc062723c751e8b465ee728b)
Start importing Assets/Scripts/Model/BuildingObj/Interfaces.cs using Guid(ba7ae7e4a49aa1f45beae0824ce56cf9) Importer(815301076,1909f56bfc062723c751e8b465ee728b)  -> (artifact id: 'e7a729be247c7e7bf74c8324a097490e') in 0.003267 seconds 
========================================================================
Received Import Request.
  Time since last request: 49.868085 seconds.
  path: Assets/Scripts/Model/BuildingObj/Interfaces.cs
  artifactKey: Guid(ba7ae7e4a49aa1f45beae0824ce56cf9) Importer(815301076,1909f56bfc062723c751e8b465ee728b)
Start importing Assets/Scripts/Model/BuildingObj/Interfaces.cs using Guid(ba7ae7e4a49aa1f45beae0824ce56cf9) Importer(815301076,1909f56bfc062723c751e8b465ee728b)  -> (artifact id: '31dd9b1569da0a3d6360bb574514d2b2') in 0.003022 seconds 
========================================================================
Received Import Request.
  Time since last request: 8.511583 seconds.
  path: Assets/Scripts/Model/BuildingObj/Interfaces.cs
  artifactKey: Guid(ba7ae7e4a49aa1f45beae0824ce56cf9) Importer(815301076,1909f56bfc062723c751e8b465ee728b)
Start importing Assets/Scripts/Model/BuildingObj/Interfaces.cs using Guid(ba7ae7e4a49aa1f45beae0824ce56cf9) Importer(815301076,1909f56bfc062723c751e8b465ee728b)  -> (artifact id: 'aa59c02ba16370d9a4d789c63d63013b') in 0.003623 seconds 
========================================================================
Received Import Request.
  Time since last request: 2.383321 seconds.
  path: Assets/Scripts/Model/BuildingObj/Interfaces.cs
  artifactKey: Guid(ba7ae7e4a49aa1f45beae0824ce56cf9) Importer(815301076,1909f56bfc062723c751e8b465ee728b)
Start importing Assets/Scripts/Model/BuildingObj/Interfaces.cs using Guid(ba7ae7e4a49aa1f45beae0824ce56cf9) Importer(815301076,1909f56bfc062723c751e8b465ee728b)  -> (artifact id: 'e058b8042637403e82bea5f64255660c') in 0.004150 seconds 
========================================================================
Received Import Request.
  Time since last request: 1.679038 seconds.
  path: Assets/Scripts/Model/BuildingObj/Interfaces.cs
  artifactKey: Guid(ba7ae7e4a49aa1f45beae0824ce56cf9) Importer(815301076,1909f56bfc062723c751e8b465ee728b)
Start importing Assets/Scripts/Model/BuildingObj/Interfaces.cs using Guid(ba7ae7e4a49aa1f45beae0824ce56cf9) Importer(815301076,1909f56bfc062723c751e8b465ee728b)  -> (artifact id: '866be1cea7afa0c185a50dbebefacfe7') in 0.003004 seconds 
========================================================================
Received Import Request.
  Time since last request: 37.280645 seconds.
  path: Assets/Scripts/Model/BuildingObj/Interfaces.cs
  artifactKey: Guid(ba7ae7e4a49aa1f45beae0824ce56cf9) Importer(815301076,1909f56bfc062723c751e8b465ee728b)
Start importing Assets/Scripts/Model/BuildingObj/Interfaces.cs using Guid(ba7ae7e4a49aa1f45beae0824ce56cf9) Importer(815301076,1909f56bfc062723c751e8b465ee728b)  -> (artifact id: '78d5c17ddcd2e12eee9ab7f4cb3a3a90') in 0.003283 seconds 
========================================================================
Received Import Request.
  Time since last request: 3.669798 seconds.
  path: Assets/Scripts/Model/BuildingObj/Interfaces.cs
  artifactKey: Guid(ba7ae7e4a49aa1f45beae0824ce56cf9) Importer(815301076,1909f56bfc062723c751e8b465ee728b)
Start importing Assets/Scripts/Model/BuildingObj/Interfaces.cs using Guid(ba7ae7e4a49aa1f45beae0824ce56cf9) Importer(815301076,1909f56bfc062723c751e8b465ee728b)  -> (artifact id: '96c5cde95ea6249cfa443491ae3c7d8b') in 0.003260 seconds 
========================================================================
Received Import Request.
  Time since last request: 3.482214 seconds.
  path: Assets/Scripts/Model/BuildingObj/Interfaces.cs
  artifactKey: Guid(ba7ae7e4a49aa1f45beae0824ce56cf9) Importer(815301076,1909f56bfc062723c751e8b465ee728b)
Start importing Assets/Scripts/Model/BuildingObj/Interfaces.cs using Guid(ba7ae7e4a49aa1f45beae0824ce56cf9) Importer(815301076,1909f56bfc062723c751e8b465ee728b)  -> (artifact id: 'b732ceeb912862125be6bfe9ed4f0fd7') in 0.003093 seconds 
========================================================================
Received Import Request.
  Time since last request: 174.684689 seconds.
  path: Assets/Scripts/Model/BuildingObj/Interfaces.cs
  artifactKey: Guid(ba7ae7e4a49aa1f45beae0824ce56cf9) Importer(815301076,1909f56bfc062723c751e8b465ee728b)
Start importing Assets/Scripts/Model/BuildingObj/Interfaces.cs using Guid(ba7ae7e4a49aa1f45beae0824ce56cf9) Importer(815301076,1909f56bfc062723c751e8b465ee728b)  -> (artifact id: '72cbecaa36ec6302472028f3f3abc3f9') in 0.002665 seconds 
========================================================================
Received Import Request.
  Time since last request: 7876.109197 seconds.
  path: Assets/Scripts/Model/BuildingObj/BuildingObj.cs
  artifactKey: Guid(d31089dd26815d64b97f4d0ca9e0753e) Importer(815301076,1909f56bfc062723c751e8b465ee728b)
Start importing Assets/Scripts/Model/BuildingObj/BuildingObj.cs using Guid(d31089dd26815d64b97f4d0ca9e0753e) Importer(815301076,1909f56bfc062723c751e8b465ee728b)  -> (artifact id: '1d77e387b9490d9a07026e311f8d2ac8') in 0.003335 seconds 
========================================================================
Received Import Request.
  Time since last request: 0.588654 seconds.
  path: Assets/Scripts/Model/BuildingObj/GoodsBuilding.cs
  artifactKey: Guid(81830e981694c9c428fea874877d5ba8) Importer(815301076,1909f56bfc062723c751e8b465ee728b)
Start importing Assets/Scripts/Model/BuildingObj/GoodsBuilding.cs using Guid(81830e981694c9c428fea874877d5ba8) Importer(815301076,1909f56bfc062723c751e8b465ee728b)  -> (artifact id: '92d9420016cad8e8220caf4b95ed0deb') in 0.003047 seconds 
========================================================================
Received Import Request.
  Time since last request: 2.912997 seconds.
  path: Assets/Scripts/Model/BuildingObj/ShopBuildingObj.cs
  artifactKey: Guid(990bf8bc08f18b64ba203d49d90f4b33) Importer(815301076,1909f56bfc062723c751e8b465ee728b)
Start importing Assets/Scripts/Model/BuildingObj/ShopBuildingObj.cs using Guid(990bf8bc08f18b64ba203d49d90f4b33) Importer(815301076,1909f56bfc062723c751e8b465ee728b)  -> (artifact id: '4fd424bb4af79d94115ddaf1aaead294') in 0.003183 seconds 
========================================================================
Received Import Request.
  Time since last request: 52.534454 seconds.
  path: Assets/Scripts/Model/BuildingObj/GoodsBuilding.cs
  artifactKey: Guid(81830e981694c9c428fea874877d5ba8) Importer(815301076,1909f56bfc062723c751e8b465ee728b)
Start importing Assets/Scripts/Model/BuildingObj/GoodsBuilding.cs using Guid(81830e981694c9c428fea874877d5ba8) Importer(815301076,1909f56bfc062723c751e8b465ee728b)  -> (artifact id: 'bccc9a67d3c5536ed862097da3c142a6') in 0.003130 seconds 
========================================================================
Received Import Request.
  Time since last request: 108.466052 seconds.
  path: Assets/Scripts/Model/BuildingObj/ShopBuildingObj.cs
  artifactKey: Guid(990bf8bc08f18b64ba203d49d90f4b33) Importer(815301076,1909f56bfc062723c751e8b465ee728b)
Start importing Assets/Scripts/Model/BuildingObj/ShopBuildingObj.cs using Guid(990bf8bc08f18b64ba203d49d90f4b33) Importer(815301076,1909f56bfc062723c751e8b465ee728b)  -> (artifact id: 'd57e3c36f5ba73a79a0659629549e375') in 0.002854 seconds 
========================================================================
Received Import Request.
  Time since last request: 27.031124 seconds.
  path: Assets/Scripts/Model/BuildingObj/ShopBuildingObj.cs
  artifactKey: Guid(990bf8bc08f18b64ba203d49d90f4b33) Importer(815301076,1909f56bfc062723c751e8b465ee728b)
Start importing Assets/Scripts/Model/BuildingObj/ShopBuildingObj.cs using Guid(990bf8bc08f18b64ba203d49d90f4b33) Importer(815301076,1909f56bfc062723c751e8b465ee728b)  -> (artifact id: 'f402b884acd4d15bffe6c6e0fb8aa2de') in 0.003239 seconds 
========================================================================
Received Import Request.
  Time since last request: 3.566930 seconds.
  path: Assets/Scripts/Model/BuildingObj/ShopBuildingObj.cs
  artifactKey: Guid(990bf8bc08f18b64ba203d49d90f4b33) Importer(815301076,1909f56bfc062723c751e8b465ee728b)
Start importing Assets/Scripts/Model/BuildingObj/ShopBuildingObj.cs using Guid(990bf8bc08f18b64ba203d49d90f4b33) Importer(815301076,1909f56bfc062723c751e8b465ee728b)  -> (artifact id: '7971d0e0da2870dd03a7de14d77879a3') in 0.002935 seconds 
========================================================================
Received Import Request.
  Time since last request: 4.669730 seconds.
  path: Assets/Scripts/Model/BuildingObj/ShopBuildingObj.cs
  artifactKey: Guid(990bf8bc08f18b64ba203d49d90f4b33) Importer(815301076,1909f56bfc062723c751e8b465ee728b)
Start importing Assets/Scripts/Model/BuildingObj/ShopBuildingObj.cs using Guid(990bf8bc08f18b64ba203d49d90f4b33) Importer(815301076,1909f56bfc062723c751e8b465ee728b)  -> (artifact id: '700d04fa5a984c08be8d33225f2c4187') in 0.003597 seconds 
========================================================================
Received Import Request.
  Time since last request: 12.798553 seconds.
  path: Assets/Scripts/Model/BuildingObj/ShopBuildingObj.cs
  artifactKey: Guid(990bf8bc08f18b64ba203d49d90f4b33) Importer(815301076,1909f56bfc062723c751e8b465ee728b)
Start importing Assets/Scripts/Model/BuildingObj/ShopBuildingObj.cs using Guid(990bf8bc08f18b64ba203d49d90f4b33) Importer(815301076,1909f56bfc062723c751e8b465ee728b)  -> (artifact id: '176278b98564ea0768fdf60b39f0551e') in 0.003050 seconds 
========================================================================
Received Import Request.
  Time since last request: 1.565511 seconds.
  path: Assets/Scripts/Model/BuildingObj/ShopBuildingObj.cs
  artifactKey: Guid(990bf8bc08f18b64ba203d49d90f4b33) Importer(815301076,1909f56bfc062723c751e8b465ee728b)
Start importing Assets/Scripts/Model/BuildingObj/ShopBuildingObj.cs using Guid(990bf8bc08f18b64ba203d49d90f4b33) Importer(815301076,1909f56bfc062723c751e8b465ee728b)  -> (artifact id: 'e5f0427f859a4f961d9c3f1c452ede0b') in 0.003789 seconds 
========================================================================
Received Import Request.
  Time since last request: 274.472805 seconds.
  path: Assets/Scripts/Model/BuildingObj/ShopBuildingObj.cs
  artifactKey: Guid(990bf8bc08f18b64ba203d49d90f4b33) Importer(815301076,1909f56bfc062723c751e8b465ee728b)
Start importing Assets/Scripts/Model/BuildingObj/ShopBuildingObj.cs using Guid(990bf8bc08f18b64ba203d49d90f4b33) Importer(815301076,1909f56bfc062723c751e8b465ee728b)  -> (artifact id: '239d26324225b40924cd7045cdb4ee67') in 0.002626 seconds 
========================================================================
Received Import Request.
  Time since last request: 3.560601 seconds.
  path: Assets/Scripts/Model/BuildingObj/ShopBuildingObj.cs
  artifactKey: Guid(990bf8bc08f18b64ba203d49d90f4b33) Importer(815301076,1909f56bfc062723c751e8b465ee728b)
Start importing Assets/Scripts/Model/BuildingObj/ShopBuildingObj.cs using Guid(990bf8bc08f18b64ba203d49d90f4b33) Importer(815301076,1909f56bfc062723c751e8b465ee728b)  -> (artifact id: 'e425603ff4883dcc04a8f3f3ec58ed42') in 0.002840 seconds 
========================================================================
Received Import Request.
  Time since last request: 13.743048 seconds.
  path: Assets/Scripts/Model/BuildingObj/ShopBuildingObj.cs
  artifactKey: Guid(990bf8bc08f18b64ba203d49d90f4b33) Importer(815301076,1909f56bfc062723c751e8b465ee728b)
Start importing Assets/Scripts/Model/BuildingObj/ShopBuildingObj.cs using Guid(990bf8bc08f18b64ba203d49d90f4b33) Importer(815301076,1909f56bfc062723c751e8b465ee728b)  -> (artifact id: '3ac4b9293da386d9384602ababf4a6a2') in 0.003768 seconds 
========================================================================
Received Import Request.
  Time since last request: 80.023833 seconds.
  path: Assets/Scripts/Model/BuildingObj/ShopBuildingObj.cs
  artifactKey: Guid(990bf8bc08f18b64ba203d49d90f4b33) Importer(815301076,1909f56bfc062723c751e8b465ee728b)
Start importing Assets/Scripts/Model/BuildingObj/ShopBuildingObj.cs using Guid(990bf8bc08f18b64ba203d49d90f4b33) Importer(815301076,1909f56bfc062723c751e8b465ee728b)  -> (artifact id: 'eee146ba4ec39e157a5e3b19faee7c6a') in 0.002553 seconds 
========================================================================
Received Import Request.
  Time since last request: 44.560648 seconds.
  path: Assets/Scripts/Model/BuildingObj/ShopBuildingObj.cs
  artifactKey: Guid(990bf8bc08f18b64ba203d49d90f4b33) Importer(815301076,1909f56bfc062723c751e8b465ee728b)
Start importing Assets/Scripts/Model/BuildingObj/ShopBuildingObj.cs using Guid(990bf8bc08f18b64ba203d49d90f4b33) Importer(815301076,1909f56bfc062723c751e8b465ee728b)  -> (artifact id: '2e9e52db42d52cd53c04cef9e469f275') in 0.002806 seconds 
========================================================================
Received Import Request.
  Time since last request: 4.499773 seconds.
  path: Assets/Scripts/Model/BuildingObj/ShopBuildingObj.cs
  artifactKey: Guid(990bf8bc08f18b64ba203d49d90f4b33) Importer(815301076,1909f56bfc062723c751e8b465ee728b)
Start importing Assets/Scripts/Model/BuildingObj/ShopBuildingObj.cs using Guid(990bf8bc08f18b64ba203d49d90f4b33) Importer(815301076,1909f56bfc062723c751e8b465ee728b)  -> (artifact id: 'e6bd66ff3681bf5f957e32adf003eb72') in 0.003164 seconds 
========================================================================
Received Import Request.
  Time since last request: 9.229884 seconds.
  path: Assets/Scripts/Model/BuildingObj/ShopBuildingObj.cs
  artifactKey: Guid(990bf8bc08f18b64ba203d49d90f4b33) Importer(815301076,1909f56bfc062723c751e8b465ee728b)
Start importing Assets/Scripts/Model/BuildingObj/ShopBuildingObj.cs using Guid(990bf8bc08f18b64ba203d49d90f4b33) Importer(815301076,1909f56bfc062723c751e8b465ee728b)  -> (artifact id: 'fe65ed22989047d28dbcfcc4943a32a9') in 0.004368 seconds 
========================================================================
Received Import Request.
  Time since last request: 5.790486 seconds.
  path: Assets/Scripts/Model/BuildingObj/ShopBuildingObj.cs
  artifactKey: Guid(990bf8bc08f18b64ba203d49d90f4b33) Importer(815301076,1909f56bfc062723c751e8b465ee728b)
Start importing Assets/Scripts/Model/BuildingObj/ShopBuildingObj.cs using Guid(990bf8bc08f18b64ba203d49d90f4b33) Importer(815301076,1909f56bfc062723c751e8b465ee728b)  -> (artifact id: '7047a294b6a8a4adf06bfb0ad89ad9e5') in 0.003652 seconds 
========================================================================
Received Import Request.
  Time since last request: 2.981133 seconds.
  path: Assets/Scripts/Model/BuildingObj/ShopBuildingObj.cs
  artifactKey: Guid(990bf8bc08f18b64ba203d49d90f4b33) Importer(815301076,1909f56bfc062723c751e8b465ee728b)
Start importing Assets/Scripts/Model/BuildingObj/ShopBuildingObj.cs using Guid(990bf8bc08f18b64ba203d49d90f4b33) Importer(815301076,1909f56bfc062723c751e8b465ee728b)  -> (artifact id: '9c04e41f8b86002a7cee74423271d6f6') in 0.002499 seconds 
========================================================================
Received Import Request.
  Time since last request: 11.445855 seconds.
  path: Assets/Scripts/Model/BuildingObj/ShopBuildingObj.cs
  artifactKey: Guid(990bf8bc08f18b64ba203d49d90f4b33) Importer(815301076,1909f56bfc062723c751e8b465ee728b)
Start importing Assets/Scripts/Model/BuildingObj/ShopBuildingObj.cs using Guid(990bf8bc08f18b64ba203d49d90f4b33) Importer(815301076,1909f56bfc062723c751e8b465ee728b)  -> (artifact id: 'c4abdee553d818b14ac40e4c0390431d') in 0.003052 seconds 
========================================================================
Received Import Request.
  Time since last request: 29.043146 seconds.
  path: Assets/Scripts/Model/BuildingObj/ShopBuildingObj.cs
  artifactKey: Guid(990bf8bc08f18b64ba203d49d90f4b33) Importer(815301076,1909f56bfc062723c751e8b465ee728b)
Start importing Assets/Scripts/Model/BuildingObj/ShopBuildingObj.cs using Guid(990bf8bc08f18b64ba203d49d90f4b33) Importer(815301076,1909f56bfc062723c751e8b465ee728b)  -> (artifact id: '89d74f735e3051827f3d1395ecf63d1a') in 0.005200 seconds 
========================================================================
Received Import Request.
  Time since last request: 7.493626 seconds.
  path: Assets/Scripts/Model/BuildingObj/ShopBuildingObj.cs
  artifactKey: Guid(990bf8bc08f18b64ba203d49d90f4b33) Importer(815301076,1909f56bfc062723c751e8b465ee728b)
Start importing Assets/Scripts/Model/BuildingObj/ShopBuildingObj.cs using Guid(990bf8bc08f18b64ba203d49d90f4b33) Importer(815301076,1909f56bfc062723c751e8b465ee728b)  -> (artifact id: '08dd3a29dc4f29234cf0bae91583e400') in 0.003257 seconds 
========================================================================
Received Import Request.
  Time since last request: 2.483790 seconds.
  path: Assets/Scripts/Model/BuildingObj/ShopBuildingObj.cs
  artifactKey: Guid(990bf8bc08f18b64ba203d49d90f4b33) Importer(815301076,1909f56bfc062723c751e8b465ee728b)
Start importing Assets/Scripts/Model/BuildingObj/ShopBuildingObj.cs using Guid(990bf8bc08f18b64ba203d49d90f4b33) Importer(815301076,1909f56bfc062723c751e8b465ee728b)  -> (artifact id: '062419833af546cb17bade52bb1800b7') in 0.002567 seconds 
========================================================================
Received Import Request.
  Time since last request: 1.264619 seconds.
  path: Assets/Scripts/Model/BuildingObj/ShopBuildingObj.cs
  artifactKey: Guid(990bf8bc08f18b64ba203d49d90f4b33) Importer(815301076,1909f56bfc062723c751e8b465ee728b)
Start importing Assets/Scripts/Model/BuildingObj/ShopBuildingObj.cs using Guid(990bf8bc08f18b64ba203d49d90f4b33) Importer(815301076,1909f56bfc062723c751e8b465ee728b)  -> (artifact id: 'e4faca21a40037ffbf24e4b3207990fc') in 0.002706 seconds 
========================================================================
Received Import Request.
  Time since last request: 18.476556 seconds.
  path: Assets/Scripts/Model/BuildingObj/ShopBuildingObj.cs
  artifactKey: Guid(990bf8bc08f18b64ba203d49d90f4b33) Importer(815301076,1909f56bfc062723c751e8b465ee728b)
Start importing Assets/Scripts/Model/BuildingObj/ShopBuildingObj.cs using Guid(990bf8bc08f18b64ba203d49d90f4b33) Importer(815301076,1909f56bfc062723c751e8b465ee728b)  -> (artifact id: 'c740619159d8a5618fe7ccc9adfc411f') in 0.002987 seconds 
========================================================================
Received Import Request.
  Time since last request: 5.358130 seconds.
  path: Assets/Scripts/Model/BuildingObj/ShopBuildingObj.cs
  artifactKey: Guid(990bf8bc08f18b64ba203d49d90f4b33) Importer(815301076,1909f56bfc062723c751e8b465ee728b)
Start importing Assets/Scripts/Model/BuildingObj/ShopBuildingObj.cs using Guid(990bf8bc08f18b64ba203d49d90f4b33) Importer(815301076,1909f56bfc062723c751e8b465ee728b)  -> (artifact id: 'ea83bbda28af2a7e2a3085a5625bb31d') in 0.003139 seconds 
========================================================================
Received Import Request.
  Time since last request: 7.222183 seconds.
  path: Assets/Scripts/Model/BuildingObj/ShopBuildingObj.cs
  artifactKey: Guid(990bf8bc08f18b64ba203d49d90f4b33) Importer(815301076,1909f56bfc062723c751e8b465ee728b)
Start importing Assets/Scripts/Model/BuildingObj/ShopBuildingObj.cs using Guid(990bf8bc08f18b64ba203d49d90f4b33) Importer(815301076,1909f56bfc062723c751e8b465ee728b)  -> (artifact id: '02ee938c3bb9937e31614766c41c301c') in 0.002591 seconds 
========================================================================
Received Import Request.
  Time since last request: 1.153168 seconds.
  path: Assets/Scripts/Model/BuildingObj/ShopBuildingObj.cs
  artifactKey: Guid(990bf8bc08f18b64ba203d49d90f4b33) Importer(815301076,1909f56bfc062723c751e8b465ee728b)
Start importing Assets/Scripts/Model/BuildingObj/ShopBuildingObj.cs using Guid(990bf8bc08f18b64ba203d49d90f4b33) Importer(815301076,1909f56bfc062723c751e8b465ee728b)  -> (artifact id: 'ccc19f5c1c7f2e2872cb924c437c2858') in 0.002489 seconds 
========================================================================
Received Import Request.
  Time since last request: 7.702588 seconds.
  path: Assets/Scripts/Model/BuildingObj/ShopBuildingObj.cs
  artifactKey: Guid(990bf8bc08f18b64ba203d49d90f4b33) Importer(815301076,1909f56bfc062723c751e8b465ee728b)
Start importing Assets/Scripts/Model/BuildingObj/ShopBuildingObj.cs using Guid(990bf8bc08f18b64ba203d49d90f4b33) Importer(815301076,1909f56bfc062723c751e8b465ee728b)  -> (artifact id: '1368f5fb9769180a0fa49e3a0c3fd42b') in 0.003008 seconds 
========================================================================
Received Import Request.
  Time since last request: 35.599960 seconds.
  path: Assets/Scripts/Model/BuildingObj/ShopBuildingObj.cs
  artifactKey: Guid(990bf8bc08f18b64ba203d49d90f4b33) Importer(815301076,1909f56bfc062723c751e8b465ee728b)
Start importing Assets/Scripts/Model/BuildingObj/ShopBuildingObj.cs using Guid(990bf8bc08f18b64ba203d49d90f4b33) Importer(815301076,1909f56bfc062723c751e8b465ee728b)  -> (artifact id: '2a6974bb211414f089f854fceb3aa4ca') in 0.003140 seconds 
========================================================================
Received Import Request.
  Time since last request: 193.104755 seconds.
  path: Assets/Scripts/Model/BuildingObj/ShopBuildingObj.cs
  artifactKey: Guid(990bf8bc08f18b64ba203d49d90f4b33) Importer(815301076,1909f56bfc062723c751e8b465ee728b)
Start importing Assets/Scripts/Model/BuildingObj/ShopBuildingObj.cs using Guid(990bf8bc08f18b64ba203d49d90f4b33) Importer(815301076,1909f56bfc062723c751e8b465ee728b)  -> (artifact id: '92b433a4ab8d1f8b7d5cffb8fc4ffdfa') in 0.003715 seconds 
